{"meta": {"format": 3, "version": "7.15.2", "timestamp": "2026-07-31T10:53:38.588004", "branch_coverage": false, "show_contexts": false}, "files": {"QUICKSTART.py": {"executed_lines": [], "summary": {"covered_lines": 0, "num_statements": 122, "percent_covered": 0.0, "percent_covered_display": "0", "missing_lines": 122, "excluded_lines": 0, "percent_statements_covered": 0.0, "percent_statements_covered_display": "0"}, "missing_lines": [9, 14, 15, 16, 18, 19, 20, 21, 22, 23, 24, 26, 27, 28, 29, 30, 32, 33, 34, 35, 37, 38, 39, 40, 41, 43, 45, 46, 47, 48, 49, 50, 52, 53, 54, 55, 56, 57, 58, 60, 61, 62, 63, 64, 66, 68, 69, 70, 80, 81, 82, 92, 93, 94, 96, 98, 99, 100, 101, 102, 103, 104, 106, 107, 108, 109, 110, 111, 112, 114, 116, 117, 118, 119, 121, 122, 123, 124, 126, 127, 128, 129, 131, 132, 133, 134, 135, 136, 138, 139, 140, 141, 142, 143, 145, 146, 147, 148, 149, 150, 151, 152, 154, 155, 156, 157, 158, 159, 160, 161, 163, 164, 165, 168, 169, 171, 172, 173, 174, 175, 176, 177], "excluded_lines": [], "functions": {"quick_start_demo": {"executed_lines": [], "summary": {"covered_lines": 0, "num_statements": 112, "percent_covered": 0.0, "percent_covered_display": "0", "missing_lines": 112, "excluded_lines": 0, "percent_statements_covered": 0.0, "percent_statements_covered_display": "0"}, "missing_lines": [14, 15, 16, 18, 19, 20, 21, 22, 23, 24, 26, 27, 28, 29, 30, 32, 33, 34, 35, 37, 38, 39, 40, 41, 43, 45, 46, 47, 48, 49, 50, 52, 53, 54, 55, 56, 57, 58, 60, 61, 62, 63, 64, 66, 68, 69, 70, 80, 81, 82, 92, 93, 94, 96, 98, 99, 100, 101, 102, 103, 104, 106, 107, 108, 109, 110, 111, 112, 114, 116, 117, 118, 119, 121, 122, 123, 124, 126, 127, 128, 129, 131, 132, 133, 134, 135, 136, 138, 139, 140, 141, 142, 143, 145, 146, 147, 148, 149, 150, 151, 152, 154, 155, 156, 157, 158, 159, 160, 161, 163, 164, 165], "excluded_lines": [], "start_line": 9}, "": {"executed_lines": [], "summary": {"covered_lines": 0, "num_statements": 10, "percent_covered": 0.0, "percent_covered_display": "0", "missing_lines": 10, "excluded_lines": 0, "percent_statements_covered": 0.0, "percent_statements_covered_display": "0"}, "missing_lines": [9, 168, 169, 171, 172, 173, 174, 175, 176, 177], "excluded_lines": [], "start_line": 1}}, "classes": {"": {"executed_lines": [], "summary": {"covered_lines": 0, "num_statements": 122, "percent_covered": 0.0, "percent_covered_display": "0", "missing_lines": 122, "excluded_lines": 0, "percent_statements_covered": 0.0, "percent_statements_covered_display": "0"}, "missing_lines": [9, 14, 15, 16, 18, 19, 20, 21, 22, 23, 24, 26, 27, 28, 29, 30, 32, 33, 34, 35, 37, 38, 39, 40, 41, 43, 45, 46, 47, 48, 49, 50, 52, 53, 54, 55, 56, 57, 58, 60, 61, 62, 63, 64, 66, 68, 69, 70, 80, 81, 82, 92, 93, 94, 96, 98, 99, 100, 101, 102, 103, 104, 106, 107, 108, 109, 110, 111, 112, 114, 116, 117, 118, 119, 121, 122, 123, 124, 126, 127, 128, 129, 131, 132, 133, 134, 135, 136, 138, 139, 140, 141, 142, 143, 145, 146, 147, 148, 149, 150, 151, 152, 154, 155, 156, 157, 158, 159, 160, 161, 163, 164, 165, 168, 169, 171, 172, 173, 174, 175, 176, 177], "excluded_lines": [], "start_line": 1}}}, "agents\\agent_manager.py": {"executed_lines": [1, 2, 3, 4, 5, 7, 8, 9, 10, 11, 13, 14, 15, 16, 17, 19, 20, 21, 22, 23, 24, 26, 28, 34, 75, 97, 142, 161, 181, 186, 191, 202, 221, 279, 312, 346, 389, 460, 477, 489, 505, 515, 544, 569, 628], "summary": {"covered_lines": 45, "num_statements": 326, "percent_covered": 13.803680981595091, "percent_covered_display": "14", "missing_lines": 281, "excluded_lines": 0, "percent_statements_covered": 13.803680981595091, "percent_statements_covered_display": "14"}, "missing_lines": [30, 31, 32, 35, 72, 73, 99, 100, 103, 104, 106, 107, 108, 109, 112, 113, 114, 115, 116, 117, 120, 121, 123, 125, 126, 129, 131, 132, 144, 145, 146, 148, 149, 151, 153, 154, 156, 157, 158, 159, 163, 164, 165, 167, 168, 170, 171, 173, 174, 176, 177, 178, 179, 183, 184, 188, 189, 193, 194, 196, 204, 205, 206, 208, 209, 211, 213, 214, 216, 217, 218, 219, 223, 224, 225, 228, 229, 231, 233, 238, 239, 240, 242, 244, 258, 261, 262, 263, 265, 266, 267, 268, 269, 271, 272, 274, 275, 276, 277, 281, 282, 283, 285, 288, 289, 290, 292, 295, 296, 297, 298, 300, 301, 302, 304, 305, 307, 308, 309, 310, 314, 315, 316, 318, 319, 321, 322, 325, 328, 329, 330, 332, 333, 335, 336, 338, 339, 341, 342, 343, 344, 348, 349, 350, 352, 353, 356, 359, 360, 361, 364, 365, 366, 367, 370, 371, 374, 375, 376, 378, 379, 381, 382, 384, 385, 386, 387, 393, 394, 395, 397, 398, 400, 402, 403, 404, 405, 406, 409, 411, 413, 420, 423, 424, 438, 441, 443, 444, 446, 453, 454, 455, 464, 465, 468, 469, 470, 471, 472, 473, 475, 481, 487, 493, 494, 495, 497, 498, 500, 501, 502, 503, 509, 510, 511, 512, 513, 523, 524, 525, 527, 528, 530, 531, 532, 533, 534, 535, 537, 538, 539, 540, 541, 542, 551, 552, 553, 555, 556, 558, 559, 560, 561, 563, 564, 565, 566, 567, 568, 577, 578, 579, 582, 583, 586, 587, 589, 590, 592, 593, 595, 597, 598, 599, 602, 604, 605, 608, 609, 611, 612, 614, 615, 616, 618, 619, 620, 622, 623, 624, 625], "excluded_lines": [], "functions": {"AgentTeamManager.__init__": {"executed_lines": [21, 22, 23, 24], "summary": {"covered_lines": 4, "num_statements": 4, "percent_covered": 100.0, "percent_covered_display": "100", "missing_lines": 0, "excluded_lines": 0, "percent_statements_covered": 100.0, "percent_statements_covered_display": "100"}, "missing_lines": [], "excluded_lines": [], "start_line": 20}, "AgentTeamManager._init_databases": {"executed_lines": [28, 34], "summary": {"covered_lines": 2, "num_statements": 8, "percent_covered": 25.0, "percent_covered_display": "25", "missing_lines": 6, "excluded_lines": 0, "percent_statements_covered": 25.0, "percent_statements_covered_display": "25"}, "missing_lines": [30, 31, 32, 35, 72, 73], "excluded_lines": [], "start_line": 26}, "AgentTeamManager.get_best_agent": {"executed_lines": [], "summary": {"covered_lines": 0, "num_statements": 22, "percent_covered": 0.0, "percent_covered_display": "0", "missing_lines": 22, "excluded_lines": 0, "percent_statements_covered": 0.0, "percent_statements_covered_display": "0"}, "missing_lines": [99, 100, 103, 104, 106, 107, 108, 109, 112, 113, 114, 115, 116, 117, 120, 121, 123, 125, 126, 129, 131, 132], "excluded_lines": [], "start_line": 97}, "AgentTeamManager.assign_ticket": {"executed_lines": [], "summary": {"covered_lines": 0, "num_statements": 12, "percent_covered": 0.0, "percent_covered_display": "0", "missing_lines": 12, "excluded_lines": 0, "percent_statements_covered": 0.0, "percent_statements_covered_display": "0"}, "missing_lines": [144, 145, 146, 148, 149, 151, 153, 154, 156, 157, 158, 159], "excluded_lines": [], "start_line": 142}, "AgentTeamManager.complete_ticket": {"executed_lines": [], "summary": {"covered_lines": 0, "num_statements": 13, "percent_covered": 0.0, "percent_covered_display": "0", "missing_lines": 13, "excluded_lines": 0, "percent_statements_covered": 0.0, "percent_statements_covered_display": "0"}, "missing_lines": [163, 164, 165, 167, 168, 170, 171, 173, 174, 176, 177, 178, 179], "excluded_lines": [], "start_line": 161}, "AgentTeamManager.get_all_agents": {"executed_lines": [], "summary": {"covered_lines": 0, "num_statements": 2, "percent_covered": 0.0, "percent_covered_display": "0", "missing_lines": 2, "excluded_lines": 0, "percent_statements_covered": 0.0, "percent_statements_covered_display": "0"}, "missing_lines": [183, 184], "excluded_lines": [], "start_line": 181}, "AgentTeamManager.get_all_teams": {"executed_lines": [], "summary": {"covered_lines": 0, "num_statements": 2, "percent_covered": 0.0, "percent_covered_display": "0", "missing_lines": 2, "excluded_lines": 0, "percent_statements_covered": 0.0, "percent_statements_covered_display": "0"}, "missing_lines": [188, 189], "excluded_lines": [], "start_line": 186}, "AgentTeamManager.get_team_agents": {"executed_lines": [], "summary": {"covered_lines": 0, "num_statements": 3, "percent_covered": 0.0, "percent_covered_display": "0", "missing_lines": 3, "excluded_lines": 0, "percent_statements_covered": 0.0, "percent_statements_covered_display": "0"}, "missing_lines": [193, 194, 196], "excluded_lines": [], "start_line": 191}, "AgentTeamManager.update_agent_status": {"executed_lines": [], "summary": {"covered_lines": 0, "num_statements": 12, "percent_covered": 0.0, "percent_covered_display": "0", "missing_lines": 12, "excluded_lines": 0, "percent_statements_covered": 0.0, "percent_statements_covered_display": "0"}, "missing_lines": [204, 205, 206, 208, 209, 211, 213, 214, 216, 217, 218, 219], "excluded_lines": [], "start_line": 202}, "AgentTeamManager.create_agent": {"executed_lines": [], "summary": {"covered_lines": 0, "num_statements": 27, "percent_covered": 0.0, "percent_covered_display": "0", "missing_lines": 27, "excluded_lines": 0, "percent_statements_covered": 0.0, "percent_statements_covered_display": "0"}, "missing_lines": [223, 224, 225, 228, 229, 231, 233, 238, 239, 240, 242, 244, 258, 261, 262, 263, 265, 266, 267, 268, 269, 271, 272, 274, 275, 276, 277], "excluded_lines": [], "start_line": 221}, "AgentTeamManager.update_agent_rating": {"executed_lines": [], "summary": {"covered_lines": 0, "num_statements": 21, "percent_covered": 0.0, "percent_covered_display": "0", "missing_lines": 21, "excluded_lines": 0, "percent_statements_covered": 0.0, "percent_statements_covered_display": "0"}, "missing_lines": [281, 282, 283, 285, 288, 289, 290, 292, 295, 296, 297, 298, 300, 301, 302, 304, 305, 307, 308, 309, 310], "excluded_lines": [], "start_line": 279}, "AgentTeamManager.delete_agent": {"executed_lines": [], "summary": {"covered_lines": 0, "num_statements": 21, "percent_covered": 0.0, "percent_covered_display": "0", "missing_lines": 21, "excluded_lines": 0, "percent_statements_covered": 0.0, "percent_statements_covered_display": "0"}, "missing_lines": [314, 315, 316, 318, 319, 321, 322, 325, 328, 329, 330, 332, 333, 335, 336, 338, 339, 341, 342, 343, 344], "excluded_lines": [], "start_line": 312}, "AgentTeamManager.update_agent": {"executed_lines": [], "summary": {"covered_lines": 0, "num_statements": 26, "percent_covered": 0.0, "percent_covered_display": "0", "missing_lines": 26, "excluded_lines": 0, "percent_statements_covered": 0.0, "percent_statements_covered_display": "0"}, "missing_lines": [348, 349, 350, 352, 353, 356, 359, 360, 361, 364, 365, 366, 367, 370, 371, 374, 375, 376, 378, 379, 381, 382, 384, 385, 386, 387], "excluded_lines": [], "start_line": 346}, "AgentTeamManager.sync_salesforce_users": {"executed_lines": [], "summary": {"covered_lines": 0, "num_statements": 25, "percent_covered": 0.0, "percent_covered_display": "0", "missing_lines": 25, "excluded_lines": 0, "percent_statements_covered": 0.0, "percent_statements_covered_display": "0"}, "missing_lines": [393, 394, 395, 397, 398, 400, 402, 403, 404, 405, 406, 409, 411, 413, 420, 423, 424, 438, 441, 443, 444, 446, 453, 454, 455], "excluded_lines": [], "start_line": 389}, "AgentTeamManager._determine_team_from_salesforce": {"executed_lines": [], "summary": {"covered_lines": 0, "num_statements": 9, "percent_covered": 0.0, "percent_covered_display": "0", "missing_lines": 9, "excluded_lines": 0, "percent_statements_covered": 0.0, "percent_statements_covered_display": "0"}, "missing_lines": [464, 465, 468, 469, 470, 471, 472, 473, 475], "excluded_lines": [], "start_line": 460}, "AgentTeamManager._get_skills_for_team": {"executed_lines": [], "summary": {"covered_lines": 0, "num_statements": 2, "percent_covered": 0.0, "percent_covered_display": "0", "missing_lines": 2, "excluded_lines": 0, "percent_statements_covered": 0.0, "percent_statements_covered_display": "0"}, "missing_lines": [481, 487], "excluded_lines": [], "start_line": 477}, "AgentTeamManager._add_agent_to_team": {"executed_lines": [], "summary": {"covered_lines": 0, "num_statements": 9, "percent_covered": 0.0, "percent_covered_display": "0", "missing_lines": 9, "excluded_lines": 0, "percent_statements_covered": 0.0, "percent_statements_covered_display": "0"}, "missing_lines": [493, 494, 495, 497, 498, 500, 501, 502, 503], "excluded_lines": [], "start_line": 489}, "AgentTeamManager.get_salesforce_agent": {"executed_lines": [], "summary": {"covered_lines": 0, "num_statements": 5, "percent_covered": 0.0, "percent_covered_display": "0", "missing_lines": 5, "excluded_lines": 0, "percent_statements_covered": 0.0, "percent_statements_covered_display": "0"}, "missing_lines": [509, 510, 511, 512, 513], "excluded_lines": [], "start_line": 505}, "AgentTeamManager.update_agent_salesforce_info": {"executed_lines": [], "summary": {"covered_lines": 0, "num_statements": 17, "percent_covered": 0.0, "percent_covered_display": "0", "missing_lines": 17, "excluded_lines": 0, "percent_statements_covered": 0.0, "percent_statements_covered_display": "0"}, "missing_lines": [523, 524, 525, 527, 528, 530, 531, 532, 533, 534, 535, 537, 538, 539, 540, 541, 542], "excluded_lines": [], "start_line": 515}, "AgentTeamManager.update_agent_auth_info": {"executed_lines": [], "summary": {"covered_lines": 0, "num_statements": 15, "percent_covered": 0.0, "percent_covered_display": "0", "missing_lines": 15, "excluded_lines": 0, "percent_statements_covered": 0.0, "percent_statements_covered_display": "0"}, "missing_lines": [551, 552, 553, 555, 556, 558, 559, 560, 561, 563, 564, 565, 566, 567, 568], "excluded_lines": [], "start_line": 544}, "AgentTeamManager.reroute_ticket": {"executed_lines": [], "summary": {"covered_lines": 0, "num_statements": 30, "percent_covered": 0.0, "percent_covered_display": "0", "missing_lines": 30, "excluded_lines": 0, "percent_statements_covered": 0.0, "percent_statements_covered_display": "0"}, "missing_lines": [577, 578, 579, 582, 583, 586, 587, 589, 590, 592, 593, 595, 597, 598, 599, 602, 604, 605, 608, 609, 611, 612, 614, 618, 619, 620, 622, 623, 624, 625], "excluded_lines": [], "start_line": 569}, "AgentTeamManager.reroute_ticket._record_and_retrain": {"executed_lines": [], "summary": {"covered_lines": 0, "num_statements": 2, "percent_covered": 0.0, "percent_covered_display": "0", "missing_lines": 2, "excluded_lines": 0, "percent_statements_covered": 0.0, "percent_statements_covered_display": "0"}, "missing_lines": [615, 616], "excluded_lines": [], "start_line": 614}, "": {"executed_lines": [1, 2, 3, 4, 5, 7, 8, 9, 10, 11, 13, 14, 15, 16, 17, 19, 20, 26, 75, 97, 142, 161, 181, 186, 191, 202, 221, 279, 312, 346, 389, 460, 477, 489, 505, 515, 544, 569, 628], "summary": {"covered_lines": 39, "num_statements": 39, "percent_covered": 100.0, "percent_covered_display": "100", "missing_lines": 0, "excluded_lines": 0, "percent_statements_covered": 100.0, "percent_statements_covered_display": "100"}, "missing_lines": [], "excluded_lines": [], "start_line": 1}}, "classes": {"AgentStatus": {"executed_lines": [], "summary": {"covered_lines": 0, "num_statements": 0, "percent_covered": 100.0, "percent_covered_display": "100", "missing_lines": 0, "excluded_lines": 0, "percent_statements_covered": 100.0, "percent_statements_covered_display": "100"}, "missing_lines": [], "excluded_lines": [], "start_line": 7}, "TeamType": {"executed_lines": [], "summary": {"covered_lines": 0, "num_statements": 0, "percent_covered": 100.0, "percent_covered_display": "100", "missing_lines": 0, "excluded_lines": 0, "percent_statements_covered": 100.0, "percent_statements_covered_display": "100"}, "missing_lines": [], "excluded_lines": [], "start_line": 13}, "AgentTeamManager": {"executed_lines": [21, 22, 23, 24, 28, 34], "summary": {"covered_lines": 6, "num_statements": 287, "percent_covered": 2.0905923344947737, "percent_covered_display": "2", "missing_lines": 281, "excluded_lines": 0, "percent_statements_covered": 2.0905923344947737, "percent_statements_covered_display": "2"}, "missing_lines": [30, 31, 32, 35, 72, 73, 99, 100, 103, 104, 106, 107, 108, 109, 112, 113, 114, 115, 116, 117, 120, 121, 123, 125, 126, 129, 131, 132, 144, 145, 146, 148, 149, 151, 153, 154, 156, 157, 158, 159, 163, 164, 165, 167, 168, 170, 171, 173, 174, 176, 177, 178, 179, 183, 184, 188, 189, 193, 194, 196, 204, 205, 206, 208, 209, 211, 213, 214, 216, 217, 218, 219, 223, 224, 225, 228, 229, 231, 233, 238, 239, 240, 242, 244, 258, 261, 262, 263, 265, 266, 267, 268, 269, 271, 272, 274, 275, 276, 277, 281, 282, 283, 285, 288, 289, 290, 292, 295, 296, 297, 298, 300, 301, 302, 304, 305, 307, 308, 309, 310, 314, 315, 316, 318, 319, 321, 322, 325, 328, 329, 330, 332, 333, 335, 336, 338, 339, 341, 342, 343, 344, 348, 349, 350, 352, 353, 356, 359, 360, 361, 364, 365, 366, 367, 370, 371, 374, 375, 376, 378, 379, 381, 382, 384, 385, 386, 387, 393, 394, 395, 397, 398, 400, 402, 403, 404, 405, 406, 409, 411, 413, 420, 423, 424, 438, 441, 443, 444, 446, 453, 454, 455, 464, 465, 468, 469, 470, 471, 472, 473, 475, 481, 487, 493, 494, 495, 497, 498, 500, 501, 502, 503, 509, 510, 511, 512, 513, 523, 524, 525, 527, 528, 530, 531, 532, 533, 534, 535, 537, 538, 539, 540, 541, 542, 551, 552, 553, 555, 556, 558, 559, 560, 561, 563, 564, 565, 566, 567, 568, 577, 578, 579, 582, 583, 586, 587, 589, 590, 592, 593, 595, 597, 598, 599, 602, 604, 605, 608, 609, 611, 612, 614, 615, 616, 618, 619, 620, 622, 623, 624, 625], "excluded_lines": [], "start_line": 19}, "": {"executed_lines": [1, 2, 3, 4, 5, 7, 8, 9, 10, 11, 13, 14, 15, 16, 17, 19, 20, 26, 75, 97, 142, 161, 181, 186, 191, 202, 221, 279, 312, 346, 389, 460, 477, 489, 505, 515, 544, 569, 628], "summary": {"covered_lines": 39, "num_statements": 39, "percent_covered": 100.0, "percent_covered_display": "100", "missing_lines": 0, "excluded_lines": 0, "percent_statements_covered": 100.0, "percent_statements_covered_display": "100"}, "missing_lines": [], "excluded_lines": [], "start_line": 1}}}, "analytics\\dashboard.py": {"executed_lines": [1, 2, 3, 4, 5, 6, 8, 9, 10, 11, 12, 15, 17, 19, 23, 27, 49, 63, 80, 91, 119, 151, 190, 218, 242, 273, 294], "summary": {"covered_lines": 27, "num_statements": 163, "percent_covered": 16.56441717791411, "percent_covered_display": "17", "missing_lines": 136, "excluded_lines": 0, "percent_statements_covered": 16.56441717791411, "percent_statements_covered_display": "17"}, "missing_lines": [20, 21, 24, 25, 30, 31, 39, 47, 51, 61, 65, 66, 67, 69, 72, 73, 75, 76, 77, 78, 83, 84, 85, 86, 87, 89, 93, 94, 95, 97, 98, 101, 102, 104, 105, 106, 107, 109, 115, 116, 117, 121, 122, 125, 126, 128, 129, 130, 131, 132, 134, 135, 136, 138, 139, 140, 141, 143, 153, 156, 157, 158, 159, 163, 164, 167, 168, 169, 170, 174, 175, 178, 179, 180, 181, 185, 186, 188, 192, 193, 196, 197, 200, 201, 202, 203, 204, 207, 208, 209, 210, 212, 220, 221, 224, 225, 228, 234, 235, 237, 244, 245, 247, 249, 250, 251, 253, 256, 257, 258, 260, 265, 266, 267, 275, 276, 277, 279, 280, 281, 282, 284, 285, 286, 288, 289, 290, 292, 296, 297, 298, 300, 302, 303, 304, 305], "excluded_lines": [], "functions": {"AnalyticsDashboard.__init__": {"executed_lines": [10, 11, 12, 15], "summary": {"covered_lines": 4, "num_statements": 4, "percent_covered": 100.0, "percent_covered_display": "100", "missing_lines": 0, "excluded_lines": 0, "percent_statements_covered": 100.0, "percent_statements_covered_display": "100"}, "missing_lines": [], "excluded_lines": [], "start_line": 9}, "AnalyticsDashboard._init_files": {"executed_lines": [19, 23], "summary": {"covered_lines": 2, "num_statements": 6, "percent_covered": 33.333333333333336, "percent_covered_display": "33", "missing_lines": 4, "excluded_lines": 0, "percent_statements_covered": 33.333333333333336, "percent_statements_covered_display": "33"}, "missing_lines": [20, 21, 24, 25], "excluded_lines": [], "start_line": 17}, "AnalyticsDashboard.log_ticket": {"executed_lines": [], "summary": {"covered_lines": 0, "num_statements": 4, "percent_covered": 0.0, "percent_covered_display": "0", "missing_lines": 4, "excluded_lines": 0, "percent_statements_covered": 0.0, "percent_statements_covered_display": "0"}, "missing_lines": [30, 31, 39, 47], "excluded_lines": [], "start_line": 27}, "AnalyticsDashboard.log_resolution": {"executed_lines": [], "summary": {"covered_lines": 0, "num_statements": 2, "percent_covered": 0.0, "percent_covered_display": "0", "missing_lines": 2, "excluded_lines": 0, "percent_statements_covered": 0.0, "percent_statements_covered_display": "0"}, "missing_lines": [51, 61], "excluded_lines": [], "start_line": 49}, "AnalyticsDashboard._append_to_file": {"executed_lines": [], "summary": {"covered_lines": 0, "num_statements": 10, "percent_covered": 0.0, "percent_covered_display": "0", "missing_lines": 10, "excluded_lines": 0, "percent_statements_covered": 0.0, "percent_statements_covered_display": "0"}, "missing_lines": [65, 66, 67, 69, 72, 73, 75, 76, 77, 78], "excluded_lines": [], "start_line": 63}, "AnalyticsDashboard._calculate_response_time": {"executed_lines": [], "summary": {"covered_lines": 0, "num_statements": 6, "percent_covered": 0.0, "percent_covered_display": "0", "missing_lines": 6, "excluded_lines": 0, "percent_statements_covered": 0.0, "percent_statements_covered_display": "0"}, "missing_lines": [83, 84, 85, 86, 87, 89], "excluded_lines": [], "start_line": 80}, "AnalyticsDashboard.get_dashboard_data": {"executed_lines": [], "summary": {"covered_lines": 0, "num_statements": 15, "percent_covered": 0.0, "percent_covered_display": "0", "missing_lines": 15, "excluded_lines": 0, "percent_statements_covered": 0.0, "percent_statements_covered_display": "0"}, "missing_lines": [93, 94, 95, 97, 98, 101, 102, 104, 105, 106, 107, 109, 115, 116, 117], "excluded_lines": [], "start_line": 91}, "AnalyticsDashboard._get_summary_stats": {"executed_lines": [], "summary": {"covered_lines": 0, "num_statements": 17, "percent_covered": 0.0, "percent_covered_display": "0", "missing_lines": 17, "excluded_lines": 0, "percent_statements_covered": 0.0, "percent_statements_covered_display": "0"}, "missing_lines": [121, 122, 125, 126, 128, 129, 130, 131, 132, 134, 135, 136, 138, 139, 140, 141, 143], "excluded_lines": [], "start_line": 119}, "AnalyticsDashboard._get_chart_data": {"executed_lines": [], "summary": {"covered_lines": 0, "num_statements": 20, "percent_covered": 0.0, "percent_covered_display": "0", "missing_lines": 20, "excluded_lines": 0, "percent_statements_covered": 0.0, "percent_statements_covered_display": "0"}, "missing_lines": [153, 156, 157, 158, 159, 163, 164, 167, 168, 169, 170, 174, 175, 178, 179, 180, 181, 185, 186, 188], "excluded_lines": [], "start_line": 151}, "AnalyticsDashboard._get_performance_metrics": {"executed_lines": [], "summary": {"covered_lines": 0, "num_statements": 14, "percent_covered": 0.0, "percent_covered_display": "0", "missing_lines": 14, "excluded_lines": 0, "percent_statements_covered": 0.0, "percent_statements_covered_display": "0"}, "missing_lines": [192, 193, 196, 197, 200, 201, 202, 203, 204, 207, 208, 209, 210, 212], "excluded_lines": [], "start_line": 190}, "AnalyticsDashboard._calculate_trends": {"executed_lines": [], "summary": {"covered_lines": 0, "num_statements": 8, "percent_covered": 0.0, "percent_covered_display": "0", "missing_lines": 8, "excluded_lines": 0, "percent_statements_covered": 0.0, "percent_statements_covered_display": "0"}, "missing_lines": [220, 221, 224, 225, 228, 234, 235, 237], "excluded_lines": [], "start_line": 218}, "AnalyticsDashboard._get_customer_insights": {"executed_lines": [], "summary": {"covered_lines": 0, "num_statements": 14, "percent_covered": 0.0, "percent_covered_display": "0", "missing_lines": 14, "excluded_lines": 0, "percent_statements_covered": 0.0, "percent_statements_covered_display": "0"}, "missing_lines": [244, 245, 247, 249, 250, 251, 253, 256, 257, 258, 260, 265, 266, 267], "excluded_lines": [], "start_line": 242}, "AnalyticsDashboard.get_customer_context": {"executed_lines": [], "summary": {"covered_lines": 0, "num_statements": 14, "percent_covered": 0.0, "percent_covered_display": "0", "missing_lines": 14, "excluded_lines": 0, "percent_statements_covered": 0.0, "percent_statements_covered_display": "0"}, "missing_lines": [275, 276, 277, 279, 280, 281, 282, 284, 285, 286, 288, 289, 290, 292], "excluded_lines": [], "start_line": 273}, "AnalyticsDashboard.update_customer_profile": {"executed_lines": [], "summary": {"covered_lines": 0, "num_statements": 8, "percent_covered": 0.0, "percent_covered_display": "0", "missing_lines": 8, "excluded_lines": 0, "percent_statements_covered": 0.0, "percent_statements_covered_display": "0"}, "missing_lines": [296, 297, 298, 300, 302, 303, 304, 305], "excluded_lines": [], "start_line": 294}, "": {"executed_lines": [1, 2, 3, 4, 5, 6, 8, 9, 17, 27, 49, 63, 80, 91, 119, 151, 190, 218, 242, 273, 294], "summary": {"covered_lines": 21, "num_statements": 21, "percent_covered": 100.0, "percent_covered_display": "100", "missing_lines": 0, "excluded_lines": 0, "percent_statements_covered": 100.0, "percent_statements_covered_display": "100"}, "missing_lines": [], "excluded_lines": [], "start_line": 1}}, "classes": {"AnalyticsDashboard": {"executed_lines": [10, 11, 12, 15, 19, 23], "summary": {"covered_lines": 6, "num_statements": 142, "percent_covered": 4.225352112676056, "percent_covered_display": "4", "missing_lines": 136, "excluded_lines": 0, "percent_statements_covered": 4.225352112676056, "percent_statements_covered_display": "4"}, "missing_lines": [20, 21, 24, 25, 30, 31, 39, 47, 51, 61, 65, 66, 67, 69, 72, 73, 75, 76, 77, 78, 83, 84, 85, 86, 87, 89, 93, 94, 95, 97, 98, 101, 102, 104, 105, 106, 107, 109, 115, 116, 117, 121, 122, 125, 126, 128, 129, 130, 131, 132, 134, 135, 136, 138, 139, 140, 141, 143, 153, 156, 157, 158, 159, 163, 164, 167, 168, 169, 170, 174, 175, 178, 179, 180, 181, 185, 186, 188, 192, 193, 196, 197, 200, 201, 202, 203, 204, 207, 208, 209, 210, 212, 220, 221, 224, 225, 228, 234, 235, 237, 244, 245, 247, 249, 250, 251, 253, 256, 257, 258, 260, 265, 266, 267, 275, 276, 277, 279, 280, 281, 282, 284, 285, 286, 288, 289, 290, 292, 296, 297, 298, 300, 302, 303, 304, 305], "excluded_lines": [], "start_line": 8}, "": {"executed_lines": [1, 2, 3, 4, 5, 6, 8, 9, 17, 27, 49, 63, 80, 91, 119, 151, 190, 218, 242, 273, 294], "summary": {"covered_lines": 21, "num_statements": 21, "percent_covered": 100.0, "percent_covered_display": "100", "missing_lines": 0, "excluded_lines": 0, "percent_statements_covered": 100.0, "percent_statements_covered_display": "100"}, "missing_lines": [], "excluded_lines": [], "start_line": 1}}}, "analytics\\memory_growth.py": {"executed_lines": [17, 18, 19, 20, 22, 23, 24, 27, 35], "summary": {"covered_lines": 9, "num_statements": 53, "percent_covered": 16.9811320754717, "percent_covered_display": "17", "missing_lines": 44, "excluded_lines": 0, "percent_statements_covered": 16.9811320754717, "percent_statements_covered_display": "17"}, "missing_lines": [28, 29, 30, 31, 32, 36, 37, 39, 41, 42, 53, 54, 55, 56, 57, 58, 59, 60, 61, 62, 64, 65, 76, 77, 78, 79, 81, 82, 83, 84, 85, 86, 87, 89, 90, 92, 94, 95, 96, 97, 98, 102, 103, 107], "excluded_lines": [], "functions": {"_load_json": {"executed_lines": [], "summary": {"covered_lines": 0, "num_statements": 5, "percent_covered": 0.0, "percent_covered_display": "0", "missing_lines": 5, "excluded_lines": 0, "percent_statements_covered": 0.0, "percent_statements_covered_display": "0"}, "missing_lines": [28, 29, 30, 31, 32], "excluded_lines": [], "start_line": 27}, "get_memory_growth": {"executed_lines": [], "summary": {"covered_lines": 0, "num_statements": 39, "percent_covered": 0.0, "percent_covered_display": "0", "missing_lines": 39, "excluded_lines": 0, "percent_statements_covered": 0.0, "percent_statements_covered_display": "0"}, "missing_lines": [36, 37, 39, 41, 42, 53, 54, 55, 56, 57, 58, 59, 60, 61, 62, 64, 65, 76, 77, 78, 79, 81, 82, 83, 84, 85, 86, 87, 89, 90, 92, 94, 95, 96, 97, 98, 102, 103, 107], "excluded_lines": [], "start_line": 35}, "": {"executed_lines": [17, 18, 19, 20, 22, 23, 24, 27, 35], "summary": {"covered_lines": 9, "num_statements": 9, "percent_covered": 100.0, "percent_covered_display": "100", "missing_lines": 0, "excluded_lines": 0, "percent_statements_covered": 100.0, "percent_statements_covered_display": "100"}, "missing_lines": [], "excluded_lines": [], "start_line": 1}}, "classes": {"": {"executed_lines": [17, 18, 19, 20, 22, 23, 24, 27, 35], "summary": {"covered_lines": 9, "num_statements": 53, "percent_covered": 16.9811320754717, "percent_covered_display": "17", "missing_lines": 44, "excluded_lines": 0, "percent_statements_covered": 16.9811320754717, "percent_statements_covered_display": "17"}, "missing_lines": [28, 29, 30, 31, 32, 36, 37, 39, 41, 42, 53, 54, 55, 56, 57, 58, 59, 60, 61, 62, 64, 65, 76, 77, 78, 79, 81, 82, 83, 84, 85, 86, 87, 89, 90, 92, 94, 95, 96, 97, 98, 102, 103, 107], "excluded_lines": [], "start_line": 1}}}, "analytics\\test_coverage.py": {"executed_lines": [15, 16, 17, 18, 19, 21, 22, 26, 37, 40, 49, 110], "summary": {"covered_lines": 12, "num_statements": 53, "percent_covered": 22.641509433962263, "percent_covered_display": "23", "missing_lines": 41, "excluded_lines": 0, "percent_statements_covered": 22.641509433962263, "percent_statements_covered_display": "23"}, "missing_lines": [41, 42, 43, 44, 45, 46, 54, 56, 57, 61, 65, 66, 67, 68, 69, 70, 72, 73, 74, 75, 76, 77, 78, 79, 80, 82, 83, 84, 85, 86, 93, 94, 96, 97, 105, 106, 107, 111, 112, 113, 114], "excluded_lines": [], "functions": {"_bucket_for_file": {"executed_lines": [], "summary": {"covered_lines": 0, "num_statements": 6, "percent_covered": 0.0, "percent_covered_display": "0", "missing_lines": 6, "excluded_lines": 0, "percent_statements_covered": 0.0, "percent_statements_covered_display": "0"}, "missing_lines": [41, 42, 43, 44, 45, 46], "excluded_lines": [], "start_line": 40}, "run_coverage": {"executed_lines": [], "summary": {"covered_lines": 0, "num_statements": 31, "percent_covered": 0.0, "percent_covered_display": "0", "missing_lines": 31, "excluded_lines": 0, "percent_statements_covered": 0.0, "percent_statements_covered_display": "0"}, "missing_lines": [54, 56, 57, 61, 65, 66, 67, 68, 69, 70, 72, 73, 74, 75, 76, 77, 78, 79, 80, 82, 83, 84, 85, 86, 93, 94, 96, 97, 105, 106, 107], "excluded_lines": [], "start_line": 49}, "get_last_result": {"executed_lines": [], "summary": {"covered_lines": 0, "num_statements": 4, "percent_covered": 0.0, "percent_covered_display": "0", "missing_lines": 4, "excluded_lines": 0, "percent_statements_covered": 0.0, "percent_statements_covered_display": "0"}, "missing_lines": [111, 112, 113, 114], "excluded_lines": [], "start_line": 110}, "": {"executed_lines": [15, 16, 17, 18, 19, 21, 22, 26, 37, 40, 49, 110], "summary": {"covered_lines": 12, "num_statements": 12, "percent_covered": 100.0, "percent_covered_display": "100", "missing_lines": 0, "excluded_lines": 0, "percent_statements_covered": 100.0, "percent_statements_covered_display": "100"}, "missing_lines": [], "excluded_lines": [], "start_line": 1}}, "classes": {"": {"executed_lines": [15, 16, 17, 18, 19, 21, 22, 26, 37, 40, 49, 110], "summary": {"covered_lines": 12, "num_statements": 53, "percent_covered": 22.641509433962263, "percent_covered_display": "23", "missing_lines": 41, "excluded_lines": 0, "percent_statements_covered": 22.641509433962263, "percent_statements_covered_display": "23"}, "missing_lines": [41, 42, 43, 44, 45, 46, 54, 56, 57, 61, 65, 66, 67, 68, 69, 70, 72, 73, 74, 75, 76, 77, 78, 79, 80, 82, 83, 84, 85, 86, 93, 94, 96, 97, 105, 106, 107, 111, 112, 113, 114], "excluded_lines": [], "start_line": 1}}}, "evaluate_metrics.py": {"executed_lines": [], "summary": {"covered_lines": 0, "num_statements": 258, "percent_covered": 0.0, "percent_covered_display": "0", "missing_lines": 258, "excluded_lines": 0, "percent_statements_covered": 0.0, "percent_statements_covered_display": "0"}, "missing_lines": [35, 36, 37, 39, 40, 42, 43, 44, 45, 46, 47, 48, 49, 50, 52, 53, 57, 62, 63, 64, 65, 68, 69, 70, 71, 72, 73, 74, 79, 80, 81, 82, 83, 84, 85, 87, 88, 89, 90, 91, 92, 93, 94, 96, 97, 98, 99, 100, 101, 103, 104, 109, 114, 115, 117, 118, 119, 121, 124, 125, 126, 127, 128, 129, 130, 131, 134, 135, 136, 137, 138, 139, 140, 142, 144, 145, 146, 147, 148, 149, 150, 151, 154, 155, 158, 159, 160, 161, 162, 164, 165, 166, 171, 172, 173, 174, 175, 176, 177, 178, 179, 180, 181, 182, 183, 184, 185, 186, 188, 189, 194, 195, 196, 197, 198, 199, 200, 201, 202, 203, 204, 205, 206, 208, 211, 212, 217, 218, 220, 223, 224, 226, 227, 228, 229, 231, 232, 233, 235, 238, 242, 243, 245, 246, 247, 250, 251, 253, 255, 258, 259, 260, 261, 262, 263, 265, 266, 267, 268, 269, 270, 272, 273, 276, 277, 280, 281, 282, 283, 284, 285, 286, 287, 288, 290, 293, 294, 297, 302, 364, 366, 367, 370, 371, 372, 373, 374, 375, 376, 377, 379, 380, 383, 384, 385, 386, 387, 388, 389, 390, 391, 392, 393, 396, 397, 398, 399, 400, 401, 402, 403, 404, 405, 406, 407, 408, 410, 411, 412, 413, 414, 415, 417, 418, 421, 422, 423, 424, 425, 426, 437, 438, 440, 441, 442, 444, 447, 448, 449, 450, 451, 452, 453, 455, 456, 457, 458, 459, 460, 461, 463, 464, 465, 468, 469, 494, 497, 498], "excluded_lines": [], "functions": {"_banner": {"executed_lines": [], "summary": {"covered_lines": 0, "num_statements": 3, "percent_covered": 0.0, "percent_covered_display": "0", "missing_lines": 3, "excluded_lines": 0, "percent_statements_covered": 0.0, "percent_statements_covered_display": "0"}, "missing_lines": [63, 64, 65], "excluded_lines": [], "start_line": 62}, "_save_plot": {"executed_lines": [], "summary": {"covered_lines": 0, "num_statements": 6, "percent_covered": 0.0, "percent_covered_display": "0", "missing_lines": 6, "excluded_lines": 0, "percent_statements_covered": 0.0, "percent_statements_covered_display": "0"}, "missing_lines": [69, 70, 71, 72, 73, 74], "excluded_lines": [], "start_line": 68}, "plot_confusion_matrix": {"executed_lines": [], "summary": {"covered_lines": 0, "num_statements": 22, "percent_covered": 0.0, "percent_covered_display": "0", "missing_lines": 22, "excluded_lines": 0, "percent_statements_covered": 0.0, "percent_statements_covered_display": "0"}, "missing_lines": [80, 81, 82, 83, 84, 85, 87, 88, 89, 90, 91, 92, 93, 94, 96, 97, 98, 99, 100, 101, 103, 104], "excluded_lines": [], "start_line": 79}, "plot_confidence_distribution": {"executed_lines": [], "summary": {"covered_lines": 0, "num_statements": 40, "percent_covered": 0.0, "percent_covered_display": "0", "missing_lines": 40, "excluded_lines": 0, "percent_statements_covered": 0.0, "percent_statements_covered_display": "0"}, "missing_lines": [114, 115, 117, 118, 119, 121, 124, 125, 126, 127, 128, 129, 130, 131, 134, 135, 136, 137, 138, 139, 140, 142, 144, 145, 146, 147, 148, 149, 150, 151, 154, 155, 158, 159, 160, 161, 162, 164, 165, 166], "excluded_lines": [], "start_line": 109}, "plot_f1_bars": {"executed_lines": [], "summary": {"covered_lines": 0, "num_statements": 17, "percent_covered": 0.0, "percent_covered_display": "0", "missing_lines": 17, "excluded_lines": 0, "percent_statements_covered": 0.0, "percent_statements_covered_display": "0"}, "missing_lines": [172, 173, 174, 175, 176, 177, 178, 179, 180, 181, 182, 183, 184, 185, 186, 188, 189], "excluded_lines": [], "start_line": 171}, "plot_benchmark": {"executed_lines": [], "summary": {"covered_lines": 0, "num_statements": 15, "percent_covered": 0.0, "percent_covered_display": "0", "missing_lines": 15, "excluded_lines": 0, "percent_statements_covered": 0.0, "percent_statements_covered_display": "0"}, "missing_lines": [195, 196, 197, 198, 199, 200, 201, 202, 203, 204, 205, 206, 208, 211, 212], "excluded_lines": [], "start_line": 194}, "evaluate": {"executed_lines": [], "summary": {"covered_lines": 0, "num_statements": 129, "percent_covered": 0.0, "percent_covered_display": "0", "missing_lines": 129, "excluded_lines": 0, "percent_statements_covered": 0.0, "percent_statements_covered_display": "0"}, "missing_lines": [218, 220, 223, 224, 226, 227, 228, 229, 231, 232, 233, 235, 238, 242, 243, 245, 246, 247, 250, 251, 253, 255, 258, 259, 260, 261, 262, 263, 265, 266, 267, 268, 269, 270, 272, 273, 276, 277, 280, 281, 282, 283, 284, 285, 286, 287, 288, 290, 293, 294, 297, 302, 364, 366, 367, 370, 371, 372, 373, 374, 375, 376, 377, 379, 380, 383, 384, 385, 386, 387, 388, 389, 390, 391, 392, 393, 396, 397, 398, 399, 400, 401, 402, 403, 404, 405, 406, 407, 408, 410, 411, 412, 413, 414, 415, 417, 418, 421, 422, 423, 424, 425, 426, 437, 438, 440, 441, 442, 444, 447, 448, 449, 450, 451, 452, 453, 455, 456, 457, 458, 459, 460, 461, 463, 464, 465, 468, 469, 494], "excluded_lines": [], "start_line": 217}, "": {"executed_lines": [], "summary": {"covered_lines": 0, "num_statements": 26, "percent_covered": 0.0, "percent_covered_display": "0", "missing_lines": 26, "excluded_lines": 0, "percent_statements_covered": 0.0, "percent_statements_covered_display": "0"}, "missing_lines": [35, 36, 37, 39, 40, 42, 43, 44, 45, 46, 47, 48, 49, 50, 52, 53, 57, 62, 68, 79, 109, 171, 194, 217, 497, 498], "excluded_lines": [], "start_line": 1}}, "classes": {"": {"executed_lines": [], "summary": {"covered_lines": 0, "num_statements": 258, "percent_covered": 0.0, "percent_covered_display": "0", "missing_lines": 258, "excluded_lines": 0, "percent_statements_covered": 0.0, "percent_statements_covered_display": "0"}, "missing_lines": [35, 36, 37, 39, 40, 42, 43, 44, 45, 46, 47, 48, 49, 50, 52, 53, 57, 62, 63, 64, 65, 68, 69, 70, 71, 72, 73, 74, 79, 80, 81, 82, 83, 84, 85, 87, 88, 89, 90, 91, 92, 93, 94, 96, 97, 98, 99, 100, 101, 103, 104, 109, 114, 115, 117, 118, 119, 121, 124, 125, 126, 127, 128, 129, 130, 131, 134, 135, 136, 137, 138, 139, 140, 142, 144, 145, 146, 147, 148, 149, 150, 151, 154, 155, 158, 159, 160, 161, 162, 164, 165, 166, 171, 172, 173, 174, 175, 176, 177, 178, 179, 180, 181, 182, 183, 184, 185, 186, 188, 189, 194, 195, 196, 197, 198, 199, 200, 201, 202, 203, 204, 205, 206, 208, 211, 212, 217, 218, 220, 223, 224, 226, 227, 228, 229, 231, 232, 233, 235, 238, 242, 243, 245, 246, 247, 250, 251, 253, 255, 258, 259, 260, 261, 262, 263, 265, 266, 267, 268, 269, 270, 272, 273, 276, 277, 280, 281, 282, 283, 284, 285, 286, 287, 288, 290, 293, 294, 297, 302, 364, 366, 367, 370, 371, 372, 373, 374, 375, 376, 377, 379, 380, 383, 384, 385, 386, 387, 388, 389, 390, 391, 392, 393, 396, 397, 398, 399, 400, 401, 402, 403, 404, 405, 406, 407, 408, 410, 411, 412, 413, 414, 415, 417, 418, 421, 422, 423, 424, 425, 426, 437, 438, 440, 441, 442, 444, 447, 448, 449, 450, 451, 452, 453, 455, 456, 457, 458, 459, 460, 461, 463, 464, 465, 468, 469, 494, 497, 498], "excluded_lines": [], "start_line": 1}}}, "integration\\salesforce.py": {"executed_lines": [1, 2, 3, 4, 5, 6, 7, 9, 11, 17, 19, 22, 23, 24, 25, 26, 27, 28, 29, 31, 32, 33, 36, 37, 38, 41, 42, 45, 47, 49, 50, 54, 56, 58, 59, 60, 61, 64, 65, 66, 67, 73, 83, 87, 96, 105, 157, 249, 418, 541, 612, 685, 691, 814, 843, 900, 919, 927, 979, 1022, 1048, 1174, 1208, 1235, 1359], "summary": {"covered_lines": 65, "num_statements": 706, "percent_covered": 9.206798866855523, "percent_covered_display": "9", "missing_lines": 641, "excluded_lines": 0, "percent_statements_covered": 9.206798866855523, "percent_statements_covered_display": "9"}, "missing_lines": [52, 68, 69, 70, 71, 75, 76, 77, 78, 79, 80, 81, 85, 89, 90, 91, 92, 93, 94, 98, 99, 100, 101, 102, 103, 112, 113, 116, 119, 120, 121, 122, 123, 125, 126, 127, 128, 129, 130, 131, 132, 133, 134, 137, 138, 139, 140, 141, 142, 143, 144, 145, 146, 147, 148, 149, 150, 152, 153, 154, 155, 162, 163, 164, 165, 166, 167, 170, 171, 172, 173, 176, 177, 178, 179, 180, 182, 183, 184, 186, 187, 188, 189, 190, 197, 198, 199, 201, 202, 203, 204, 206, 207, 208, 209, 210, 211, 212, 213, 214, 215, 218, 219, 220, 221, 222, 223, 224, 225, 226, 227, 229, 231, 232, 234, 235, 236, 237, 238, 239, 240, 241, 242, 243, 244, 245, 246, 247, 254, 256, 259, 260, 262, 263, 264, 265, 267, 296, 297, 300, 301, 302, 305, 306, 307, 309, 312, 314, 324, 325, 327, 328, 329, 331, 333, 339, 340, 342, 343, 344, 345, 346, 347, 348, 349, 350, 351, 352, 355, 356, 361, 362, 363, 364, 365, 367, 369, 371, 372, 373, 375, 376, 378, 382, 383, 385, 386, 387, 390, 391, 392, 393, 407, 409, 411, 412, 413, 414, 415, 416, 423, 425, 427, 428, 429, 431, 432, 433, 435, 436, 437, 439, 440, 443, 444, 445, 446, 447, 448, 449, 452, 453, 455, 457, 460, 461, 465, 466, 467, 469, 473, 481, 484, 496, 497, 499, 500, 501, 502, 504, 505, 507, 508, 509, 510, 512, 517, 518, 519, 520, 522, 525, 526, 527, 528, 529, 530, 531, 532, 533, 535, 537, 538, 539, 543, 545, 546, 547, 548, 550, 555, 556, 557, 560, 561, 562, 565, 566, 567, 568, 570, 575, 576, 577, 579, 580, 583, 585, 586, 591, 592, 595, 596, 597, 598, 599, 604, 605, 606, 608, 609, 610, 614, 615, 617, 618, 620, 621, 623, 624, 627, 628, 629, 632, 636, 637, 638, 639, 640, 641, 643, 644, 647, 648, 651, 652, 653, 656, 657, 659, 662, 663, 664, 665, 666, 668, 669, 671, 672, 673, 675, 677, 679, 681, 682, 683, 689, 696, 698, 705, 706, 712, 713, 716, 717, 718, 721, 722, 723, 724, 726, 727, 730, 731, 734, 735, 738, 740, 745, 746, 748, 751, 753, 754, 756, 757, 758, 759, 760, 762, 778, 779, 780, 781, 783, 784, 785, 786, 787, 790, 791, 792, 793, 794, 795, 797, 802, 803, 805, 807, 808, 809, 810, 811, 812, 818, 819, 820, 822, 824, 826, 827, 828, 829, 830, 831, 832, 833, 835, 837, 839, 840, 841, 845, 847, 848, 849, 860, 861, 862, 863, 866, 867, 869, 872, 873, 874, 875, 877, 885, 886, 888, 889, 890, 892, 893, 894, 896, 897, 898, 904, 905, 906, 908, 915, 916, 917, 923, 924, 925, 934, 935, 936, 939, 940, 942, 943, 944, 945, 946, 949, 950, 951, 952, 955, 956, 957, 958, 960, 974, 975, 976, 984, 985, 987, 988, 989, 992, 995, 1003, 1008, 1009, 1010, 1012, 1013, 1015, 1016, 1017, 1018, 1019, 1020, 1024, 1025, 1026, 1027, 1028, 1030, 1031, 1037, 1041, 1042, 1043, 1044, 1045, 1046, 1050, 1052, 1072, 1073, 1076, 1077, 1080, 1081, 1083, 1084, 1086, 1088, 1093, 1095, 1096, 1097, 1098, 1100, 1102, 1103, 1104, 1105, 1107, 1108, 1109, 1110, 1111, 1112, 1113, 1114, 1115, 1116, 1117, 1118, 1119, 1120, 1122, 1128, 1129, 1130, 1131, 1132, 1134, 1153, 1154, 1156, 1157, 1159, 1160, 1161, 1164, 1165, 1167, 1169, 1170, 1171, 1172, 1176, 1179, 1183, 1184, 1185, 1200, 1201, 1202, 1203, 1204, 1205, 1210, 1214, 1215, 1216, 1231, 1232, 1237, 1239, 1247, 1248, 1249, 1250, 1251, 1252, 1261, 1262, 1264, 1265, 1268, 1270, 1272, 1273, 1274, 1276, 1277, 1281, 1282, 1283, 1291, 1292, 1297, 1298, 1299, 1300, 1301, 1302, 1303, 1304, 1305, 1306, 1307, 1309, 1310, 1318, 1319, 1320, 1332, 1333, 1334, 1335, 1336, 1337, 1345, 1346, 1347, 1354, 1355, 1356], "excluded_lines": [], "functions": {"SalesforceIntegration.__init__": {"executed_lines": [19, 22, 23, 24, 25, 26, 27, 28, 29, 31, 32, 33, 36, 37, 38, 41, 42, 45, 47, 49, 50], "summary": {"covered_lines": 21, "num_statements": 22, "percent_covered": 95.45454545454545, "percent_covered_display": "95", "missing_lines": 1, "excluded_lines": 0, "percent_statements_covered": 95.45454545454545, "percent_statements_covered_display": "95"}, "missing_lines": [52], "excluded_lines": [], "start_line": 17}, "SalesforceIntegration._load_mock_data": {"executed_lines": [56, 58, 59, 60, 61, 64, 65, 66, 67], "summary": {"covered_lines": 9, "num_statements": 13, "percent_covered": 69.23076923076923, "percent_covered_display": "69", "missing_lines": 4, "excluded_lines": 0, "percent_statements_covered": 69.23076923076923, "percent_statements_covered_display": "69"}, "missing_lines": [68, 69, 70, 71], "excluded_lines": [], "start_line": 54}, "SalesforceIntegration._format_status": {"executed_lines": [], "summary": {"covered_lines": 0, "num_statements": 7, "percent_covered": 0.0, "percent_covered_display": "0", "missing_lines": 7, "excluded_lines": 0, "percent_statements_covered": 0.0, "percent_statements_covered_display": "0"}, "missing_lines": [75, 76, 77, 78, 79, 80, 81], "excluded_lines": [], "start_line": 73}, "SalesforceIntegration._normalize_status_tag": {"executed_lines": [], "summary": {"covered_lines": 0, "num_statements": 1, "percent_covered": 0.0, "percent_covered_display": "0", "missing_lines": 1, "excluded_lines": 0, "percent_statements_covered": 0.0, "percent_statements_covered_display": "0"}, "missing_lines": [85], "excluded_lines": [], "start_line": 83}, "SalesforceIntegration._save_mock_tickets": {"executed_lines": [], "summary": {"covered_lines": 0, "num_statements": 6, "percent_covered": 0.0, "percent_covered_display": "0", "missing_lines": 6, "excluded_lines": 0, "percent_statements_covered": 0.0, "percent_statements_covered_display": "0"}, "missing_lines": [89, 90, 91, 92, 93, 94], "excluded_lines": [], "start_line": 87}, "SalesforceIntegration._save_mock_contacts": {"executed_lines": [], "summary": {"covered_lines": 0, "num_statements": 6, "percent_covered": 0.0, "percent_covered_display": "0", "missing_lines": 6, "excluded_lines": 0, "percent_statements_covered": 0.0, "percent_statements_covered_display": "0"}, "missing_lines": [98, 99, 100, 101, 102, 103], "excluded_lines": [], "start_line": 96}, "SalesforceIntegration._enrich_ticket_data": {"executed_lines": [], "summary": {"covered_lines": 0, "num_statements": 36, "percent_covered": 0.0, "percent_covered_display": "0", "missing_lines": 36, "excluded_lines": 0, "percent_statements_covered": 0.0, "percent_statements_covered_display": "0"}, "missing_lines": [112, 113, 116, 119, 120, 121, 122, 123, 125, 126, 127, 128, 129, 130, 131, 132, 133, 134, 137, 138, 139, 140, 141, 142, 143, 144, 145, 146, 147, 148, 149, 150, 152, 153, 154, 155], "excluded_lines": [], "start_line": 105}, "SalesforceIntegration.authenticate": {"executed_lines": [], "summary": {"covered_lines": 0, "num_statements": 67, "percent_covered": 0.0, "percent_covered_display": "0", "missing_lines": 67, "excluded_lines": 0, "percent_statements_covered": 0.0, "percent_statements_covered_display": "0"}, "missing_lines": [162, 163, 164, 165, 166, 167, 170, 171, 172, 173, 176, 177, 178, 179, 180, 182, 183, 184, 186, 187, 188, 189, 190, 197, 198, 199, 201, 202, 203, 204, 206, 207, 208, 209, 210, 211, 212, 213, 214, 215, 218, 219, 220, 221, 222, 223, 224, 225, 226, 227, 229, 231, 232, 234, 235, 236, 237, 238, 239, 240, 241, 242, 243, 244, 245, 246, 247], "excluded_lines": [], "start_line": 157}, "SalesforceIntegration.create_ticket": {"executed_lines": [], "summary": {"covered_lines": 0, "num_statements": 72, "percent_covered": 0.0, "percent_covered_display": "0", "missing_lines": 72, "excluded_lines": 0, "percent_statements_covered": 0.0, "percent_statements_covered_display": "0"}, "missing_lines": [254, 256, 259, 260, 262, 263, 264, 265, 267, 296, 297, 300, 301, 302, 305, 306, 307, 309, 312, 314, 324, 325, 327, 328, 329, 331, 333, 339, 340, 342, 343, 344, 345, 346, 347, 348, 349, 350, 351, 352, 355, 356, 361, 362, 363, 364, 365, 367, 369, 371, 372, 373, 375, 376, 378, 382, 383, 385, 386, 387, 390, 391, 392, 393, 407, 409, 411, 412, 413, 414, 415, 416], "excluded_lines": [], "start_line": 249}, "SalesforceIntegration.update_ticket_status": {"executed_lines": [], "summary": {"covered_lines": 0, "num_statements": 64, "percent_covered": 0.0, "percent_covered_display": "0", "missing_lines": 64, "excluded_lines": 0, "percent_statements_covered": 0.0, "percent_statements_covered_display": "0"}, "missing_lines": [423, 425, 427, 428, 429, 431, 432, 433, 435, 436, 437, 439, 440, 443, 444, 445, 446, 447, 448, 449, 452, 453, 455, 457, 460, 461, 465, 466, 467, 469, 473, 481, 484, 496, 497, 499, 500, 501, 502, 504, 505, 507, 508, 509, 510, 512, 517, 518, 519, 520, 522, 525, 526, 527, 528, 529, 530, 531, 532, 533, 535, 537, 538, 539], "excluded_lines": [], "start_line": 418}, "SalesforceIntegration.add_ticket_message": {"executed_lines": [], "summary": {"covered_lines": 0, "num_statements": 38, "percent_covered": 0.0, "percent_covered_display": "0", "missing_lines": 38, "excluded_lines": 0, "percent_statements_covered": 0.0, "percent_statements_covered_display": "0"}, "missing_lines": [543, 545, 546, 547, 548, 550, 555, 556, 557, 560, 561, 562, 565, 566, 567, 568, 570, 575, 576, 577, 579, 580, 583, 585, 586, 591, 592, 595, 596, 597, 598, 599, 604, 605, 606, 608, 609, 610], "excluded_lines": [], "start_line": 541}, "SalesforceIntegration.delete_ticket": {"executed_lines": [], "summary": {"covered_lines": 0, "num_statements": 44, "percent_covered": 0.0, "percent_covered_display": "0", "missing_lines": 44, "excluded_lines": 0, "percent_statements_covered": 0.0, "percent_statements_covered_display": "0"}, "missing_lines": [614, 615, 617, 618, 620, 621, 623, 624, 627, 628, 629, 632, 636, 637, 638, 639, 640, 641, 643, 644, 647, 648, 651, 652, 653, 656, 657, 659, 662, 663, 664, 665, 666, 668, 669, 671, 672, 673, 675, 677, 679, 681, 682, 683], "excluded_lines": [], "start_line": 612}, "SalesforceIntegration.assign_ticket": {"executed_lines": [], "summary": {"covered_lines": 0, "num_statements": 1, "percent_covered": 0.0, "percent_covered_display": "0", "missing_lines": 1, "excluded_lines": 0, "percent_statements_covered": 0.0, "percent_statements_covered_display": "0"}, "missing_lines": [689], "excluded_lines": [], "start_line": 685}, "SalesforceIntegration.get_ticket_details": {"executed_lines": [], "summary": {"covered_lines": 0, "num_statements": 58, "percent_covered": 0.0, "percent_covered_display": "0", "missing_lines": 58, "excluded_lines": 0, "percent_statements_covered": 0.0, "percent_statements_covered_display": "0"}, "missing_lines": [696, 698, 705, 706, 712, 713, 716, 717, 718, 721, 722, 723, 724, 726, 727, 730, 731, 734, 735, 738, 740, 745, 746, 748, 751, 753, 754, 756, 757, 758, 759, 760, 762, 778, 779, 780, 781, 783, 784, 785, 786, 787, 790, 791, 792, 793, 794, 795, 797, 802, 803, 805, 807, 808, 809, 810, 811, 812], "excluded_lines": [], "start_line": 691}, "SalesforceIntegration.search_tickets": {"executed_lines": [], "summary": {"covered_lines": 0, "num_statements": 18, "percent_covered": 0.0, "percent_covered_display": "0", "missing_lines": 18, "excluded_lines": 0, "percent_statements_covered": 0.0, "percent_statements_covered_display": "0"}, "missing_lines": [818, 819, 820, 822, 824, 826, 827, 828, 829, 830, 831, 832, 833, 835, 837, 839, 840, 841], "excluded_lines": [], "start_line": 814}, "SalesforceIntegration.create_contact": {"executed_lines": [], "summary": {"covered_lines": 0, "num_statements": 27, "percent_covered": 0.0, "percent_covered_display": "0", "missing_lines": 27, "excluded_lines": 0, "percent_statements_covered": 0.0, "percent_statements_covered_display": "0"}, "missing_lines": [845, 847, 848, 849, 860, 861, 862, 863, 866, 867, 869, 872, 873, 874, 875, 877, 885, 886, 888, 889, 890, 892, 893, 894, 896, 897, 898], "excluded_lines": [], "start_line": 843}, "SalesforceIntegration.get_contact_history": {"executed_lines": [], "summary": {"covered_lines": 0, "num_statements": 7, "percent_covered": 0.0, "percent_covered_display": "0", "missing_lines": 7, "excluded_lines": 0, "percent_statements_covered": 0.0, "percent_statements_covered_display": "0"}, "missing_lines": [904, 905, 906, 908, 915, 916, 917], "excluded_lines": [], "start_line": 900}, "SalesforceIntegration._ensure_authenticated": {"executed_lines": [], "summary": {"covered_lines": 0, "num_statements": 3, "percent_covered": 0.0, "percent_covered_display": "0", "missing_lines": 3, "excluded_lines": 0, "percent_statements_covered": 0.0, "percent_statements_covered_display": "0"}, "missing_lines": [923, 924, 925], "excluded_lines": [], "start_line": 919}, "SalesforceIntegration.get_dashboard_metrics": {"executed_lines": [], "summary": {"covered_lines": 0, "num_statements": 21, "percent_covered": 0.0, "percent_covered_display": "0", "missing_lines": 21, "excluded_lines": 0, "percent_statements_covered": 0.0, "percent_statements_covered_display": "0"}, "missing_lines": [934, 935, 936, 939, 942, 943, 944, 945, 946, 949, 950, 951, 952, 955, 956, 957, 958, 960, 974, 975, 976], "excluded_lines": [], "start_line": 927}, "SalesforceIntegration.get_dashboard_metrics.norm": {"executed_lines": [], "summary": {"covered_lines": 0, "num_statements": 1, "percent_covered": 0.0, "percent_covered_display": "0", "missing_lines": 1, "excluded_lines": 0, "percent_statements_covered": 0.0, "percent_statements_covered_display": "0"}, "missing_lines": [940], "excluded_lines": [], "start_line": 939}, "SalesforceIntegration.get_salesforce_users": {"executed_lines": [], "summary": {"covered_lines": 0, "num_statements": 19, "percent_covered": 0.0, "percent_covered_display": "0", "missing_lines": 19, "excluded_lines": 0, "percent_statements_covered": 0.0, "percent_statements_covered_display": "0"}, "missing_lines": [984, 985, 987, 988, 989, 992, 995, 1003, 1008, 1009, 1010, 1012, 1013, 1015, 1016, 1017, 1018, 1019, 1020], "excluded_lines": [], "start_line": 979}, "SalesforceIntegration.get_salesforce_contacts": {"executed_lines": [], "summary": {"covered_lines": 0, "num_statements": 14, "percent_covered": 0.0, "percent_covered_display": "0", "missing_lines": 14, "excluded_lines": 0, "percent_statements_covered": 0.0, "percent_statements_covered_display": "0"}, "missing_lines": [1024, 1025, 1026, 1027, 1028, 1030, 1031, 1037, 1041, 1042, 1043, 1044, 1045, 1046], "excluded_lines": [], "start_line": 1022}, "SalesforceIntegration.get_tickets_by_customer": {"executed_lines": [], "summary": {"covered_lines": 0, "num_statements": 57, "percent_covered": 0.0, "percent_covered_display": "0", "missing_lines": 57, "excluded_lines": 0, "percent_statements_covered": 0.0, "percent_statements_covered_display": "0"}, "missing_lines": [1050, 1052, 1072, 1073, 1076, 1077, 1080, 1081, 1083, 1084, 1086, 1088, 1093, 1095, 1096, 1097, 1098, 1100, 1102, 1103, 1104, 1105, 1107, 1108, 1109, 1110, 1111, 1112, 1113, 1114, 1115, 1116, 1117, 1118, 1119, 1120, 1122, 1128, 1129, 1130, 1131, 1132, 1134, 1153, 1154, 1156, 1157, 1159, 1160, 1161, 1164, 1165, 1167, 1169, 1170, 1171, 1172], "excluded_lines": [], "start_line": 1048}, "SalesforceIntegration.get_tickets_by_owner": {"executed_lines": [], "summary": {"covered_lines": 0, "num_statements": 11, "percent_covered": 0.0, "percent_covered_display": "0", "missing_lines": 11, "excluded_lines": 0, "percent_statements_covered": 0.0, "percent_statements_covered_display": "0"}, "missing_lines": [1176, 1179, 1183, 1184, 1185, 1200, 1201, 1202, 1203, 1204, 1205], "excluded_lines": [], "start_line": 1174}, "SalesforceIntegration._get_local_agent_tickets": {"executed_lines": [], "summary": {"covered_lines": 0, "num_statements": 6, "percent_covered": 0.0, "percent_covered_display": "0", "missing_lines": 6, "excluded_lines": 0, "percent_statements_covered": 0.0, "percent_statements_covered_display": "0"}, "missing_lines": [1210, 1214, 1215, 1216, 1231, 1232], "excluded_lines": [], "start_line": 1208}, "SalesforceIntegration.create_agent_user": {"executed_lines": [], "summary": {"covered_lines": 0, "num_statements": 52, "percent_covered": 0.0, "percent_covered_display": "0", "missing_lines": 52, "excluded_lines": 0, "percent_statements_covered": 0.0, "percent_statements_covered_display": "0"}, "missing_lines": [1237, 1239, 1247, 1248, 1249, 1250, 1251, 1252, 1261, 1262, 1264, 1265, 1268, 1270, 1272, 1273, 1274, 1276, 1277, 1281, 1282, 1283, 1291, 1292, 1297, 1298, 1299, 1300, 1301, 1302, 1303, 1304, 1305, 1306, 1307, 1309, 1310, 1318, 1319, 1320, 1332, 1333, 1334, 1335, 1336, 1337, 1345, 1346, 1347, 1354, 1355, 1356], "excluded_lines": [], "start_line": 1235}, "": {"executed_lines": [1, 2, 3, 4, 5, 6, 7, 9, 11, 17, 54, 73, 83, 87, 96, 105, 157, 249, 418, 541, 612, 685, 691, 814, 843, 900, 919, 927, 979, 1022, 1048, 1174, 1208, 1235, 1359], "summary": {"covered_lines": 35, "num_statements": 35, "percent_covered": 100.0, "percent_covered_display": "100", "missing_lines": 0, "excluded_lines": 0, "percent_statements_covered": 100.0, "percent_statements_covered_display": "100"}, "missing_lines": [], "excluded_lines": [], "start_line": 1}}, "classes": {"SalesforceIntegration": {"executed_lines": [19, 22, 23, 24, 25, 26, 27, 28, 29, 31, 32, 33, 36, 37, 38, 41, 42, 45, 47, 49, 50, 56, 58, 59, 60, 61, 64, 65, 66, 67], "summary": {"covered_lines": 30, "num_statements": 671, "percent_covered": 4.470938897168406, "percent_covered_display": "4", "missing_lines": 641, "excluded_lines": 0, "percent_statements_covered": 4.470938897168406, "percent_statements_covered_display": "4"}, "missing_lines": [52, 68, 69, 70, 71, 75, 76, 77, 78, 79, 80, 81, 85, 89, 90, 91, 92, 93, 94, 98, 99, 100, 101, 102, 103, 112, 113, 116, 119, 120, 121, 122, 123, 125, 126, 127, 128, 129, 130, 131, 132, 133, 134, 137, 138, 139, 140, 141, 142, 143, 144, 145, 146, 147, 148, 149, 150, 152, 153, 154, 155, 162, 163, 164, 165, 166, 167, 170, 171, 172, 173, 176, 177, 178, 179, 180, 182, 183, 184, 186, 187, 188, 189, 190, 197, 198, 199, 201, 202, 203, 204, 206, 207, 208, 209, 210, 211, 212, 213, 214, 215, 218, 219, 220, 221, 222, 223, 224, 225, 226, 227, 229, 231, 232, 234, 235, 236, 237, 238, 239, 240, 241, 242, 243, 244, 245, 246, 247, 254, 256, 259, 260, 262, 263, 264, 265, 267, 296, 297, 300, 301, 302, 305, 306, 307, 309, 312, 314, 324, 325, 327, 328, 329, 331, 333, 339, 340, 342, 343, 344, 345, 346, 347, 348, 349, 350, 351, 352, 355, 356, 361, 362, 363, 364, 365, 367, 369, 371, 372, 373, 375, 376, 378, 382, 383, 385, 386, 387, 390, 391, 392, 393, 407, 409, 411, 412, 413, 414, 415, 416, 423, 425, 427, 428, 429, 431, 432, 433, 435, 436, 437, 439, 440, 443, 444, 445, 446, 447, 448, 449, 452, 453, 455, 457, 460, 461, 465, 466, 467, 469, 473, 481, 484, 496, 497, 499, 500, 501, 502, 504, 505, 507, 508, 509, 510, 512, 517, 518, 519, 520, 522, 525, 526, 527, 528, 529, 530, 531, 532, 533, 535, 537, 538, 539, 543, 545, 546, 547, 548, 550, 555, 556, 557, 560, 561, 562, 565, 566, 567, 568, 570, 575, 576, 577, 579, 580, 583, 585, 586, 591, 592, 595, 596, 597, 598, 599, 604, 605, 606, 608, 609, 610, 614, 615, 617, 618, 620, 621, 623, 624, 627, 628, 629, 632, 636, 637, 638, 639, 640, 641, 643, 644, 647, 648, 651, 652, 653, 656, 657, 659, 662, 663, 664, 665, 666, 668, 669, 671, 672, 673, 675, 677, 679, 681, 682, 683, 689, 696, 698, 705, 706, 712, 713, 716, 717, 718, 721, 722, 723, 724, 726, 727, 730, 731, 734, 735, 738, 740, 745, 746, 748, 751, 753, 754, 756, 757, 758, 759, 760, 762, 778, 779, 780, 781, 783, 784, 785, 786, 787, 790, 791, 792, 793, 794, 795, 797, 802, 803, 805, 807, 808, 809, 810, 811, 812, 818, 819, 820, 822, 824, 826, 827, 828, 829, 830, 831, 832, 833, 835, 837, 839, 840, 841, 845, 847, 848, 849, 860, 861, 862, 863, 866, 867, 869, 872, 873, 874, 875, 877, 885, 886, 888, 889, 890, 892, 893, 894, 896, 897, 898, 904, 905, 906, 908, 915, 916, 917, 923, 924, 925, 934, 935, 936, 939, 940, 942, 943, 944, 945, 946, 949, 950, 951, 952, 955, 956, 957, 958, 960, 974, 975, 976, 984, 985, 987, 988, 989, 992, 995, 1003, 1008, 1009, 1010, 1012, 1013, 1015, 1016, 1017, 1018, 1019, 1020, 1024, 1025, 1026, 1027, 1028, 1030, 1031, 1037, 1041, 1042, 1043, 1044, 1045, 1046, 1050, 1052, 1072, 1073, 1076, 1077, 1080, 1081, 1083, 1084, 1086, 1088, 1093, 1095, 1096, 1097, 1098, 1100, 1102, 1103, 1104, 1105, 1107, 1108, 1109, 1110, 1111, 1112, 1113, 1114, 1115, 1116, 1117, 1118, 1119, 1120, 1122, 1128, 1129, 1130, 1131, 1132, 1134, 1153, 1154, 1156, 1157, 1159, 1160, 1161, 1164, 1165, 1167, 1169, 1170, 1171, 1172, 1176, 1179, 1183, 1184, 1185, 1200, 1201, 1202, 1203, 1204, 1205, 1210, 1214, 1215, 1216, 1231, 1232, 1237, 1239, 1247, 1248, 1249, 1250, 1251, 1252, 1261, 1262, 1264, 1265, 1268, 1270, 1272, 1273, 1274, 1276, 1277, 1281, 1282, 1283, 1291, 1292, 1297, 1298, 1299, 1300, 1301, 1302, 1303, 1304, 1305, 1306, 1307, 1309, 1310, 1318, 1319, 1320, 1332, 1333, 1334, 1335, 1336, 1337, 1345, 1346, 1347, 1354, 1355, 1356], "excluded_lines": [], "start_line": 11}, "": {"executed_lines": [1, 2, 3, 4, 5, 6, 7, 9, 11, 17, 54, 73, 83, 87, 96, 105, 157, 249, 418, 541, 612, 685, 691, 814, 843, 900, 919, 927, 979, 1022, 1048, 1174, 1208, 1235, 1359], "summary": {"covered_lines": 35, "num_statements": 35, "percent_covered": 100.0, "percent_covered_display": "100", "missing_lines": 0, "excluded_lines": 0, "percent_statements_covered": 100.0, "percent_statements_covered_display": "100"}, "missing_lines": [], "excluded_lines": [], "start_line": 1}}}, "integration_test.py": {"executed_lines": [], "summary": {"covered_lines": 0, "num_statements": 17, "percent_covered": 0.0, "percent_covered_display": "0", "missing_lines": 17, "excluded_lines": 0, "percent_statements_covered": 0.0, "percent_statements_covered_display": "0"}, "missing_lines": [1, 2, 3, 5, 6, 7, 8, 9, 10, 11, 12, 13, 15, 16, 17, 18, 19], "excluded_lines": [], "functions": {"": {"executed_lines": [], "summary": {"covered_lines": 0, "num_statements": 17, "percent_covered": 0.0, "percent_covered_display": "0", "missing_lines": 17, "excluded_lines": 0, "percent_statements_covered": 0.0, "percent_statements_covered_display": "0"}, "missing_lines": [1, 2, 3, 5, 6, 7, 8, 9, 10, 11, 12, 13, 15, 16, 17, 18, 19], "excluded_lines": [], "start_line": 1}}, "classes": {"": {"executed_lines": [], "summary": {"covered_lines": 0, "num_statements": 17, "percent_covered": 0.0, "percent_covered_display": "0", "missing_lines": 17, "excluded_lines": 0, "percent_statements_covered": 0.0, "percent_statements_covered_display": "0"}, "missing_lines": [1, 2, 3, 5, 6, 7, 8, 9, 10, 11, 12, 13, 15, 16, 17, 18, 19], "excluded_lines": [], "start_line": 1}}}, "llm\\agent.py": {"executed_lines": [7, 8, 9, 11, 14, 15, 28, 29, 30, 31, 33, 34, 41, 57, 61, 79, 100, 122, 130, 185, 283, 286], "summary": {"covered_lines": 22, "num_statements": 153, "percent_covered": 14.379084967320262, "percent_covered_display": "14", "missing_lines": 131, "excluded_lines": 0, "percent_statements_covered": 14.379084967320262, "percent_statements_covered_display": "14"}, "missing_lines": [35, 36, 37, 39, 42, 43, 44, 45, 46, 47, 48, 49, 50, 51, 52, 53, 58, 59, 63, 65, 66, 67, 68, 70, 71, 72, 73, 75, 82, 101, 102, 113, 114, 115, 117, 118, 119, 120, 123, 124, 125, 126, 127, 128, 131, 133, 136, 137, 138, 139, 140, 141, 145, 157, 158, 161, 163, 166, 167, 168, 169, 170, 173, 174, 176, 178, 179, 180, 181, 186, 187, 188, 189, 191, 192, 193, 194, 197, 199, 200, 201, 202, 205, 207, 208, 209, 210, 213, 215, 216, 217, 218, 221, 222, 224, 225, 226, 227, 230, 231, 233, 234, 235, 236, 239, 241, 242, 243, 244, 247, 251, 252, 253, 254, 257, 259, 260, 261, 262, 265, 268, 269, 270, 273, 275, 276, 278, 287, 288, 289, 290], "excluded_lines": [], "functions": {"LLMAgent.__init__": {"executed_lines": [29, 30, 31, 33, 34], "summary": {"covered_lines": 5, "num_statements": 9, "percent_covered": 55.55555555555556, "percent_covered_display": "56", "missing_lines": 4, "excluded_lines": 0, "percent_statements_covered": 55.55555555555556, "percent_statements_covered_display": "56"}, "missing_lines": [35, 36, 37, 39], "excluded_lines": [], "start_line": 28}, "LLMAgent._init_gemini": {"executed_lines": [], "summary": {"covered_lines": 0, "num_statements": 12, "percent_covered": 0.0, "percent_covered_display": "0", "missing_lines": 12, "excluded_lines": 0, "percent_statements_covered": 0.0, "percent_statements_covered_display": "0"}, "missing_lines": [42, 43, 44, 45, 46, 47, 48, 49, 50, 51, 52, 53], "excluded_lines": [], "start_line": 41}, "LLMAgent.get_complex_response": {"executed_lines": [], "summary": {"covered_lines": 0, "num_statements": 2, "percent_covered": 0.0, "percent_covered_display": "0", "missing_lines": 2, "excluded_lines": 0, "percent_statements_covered": 0.0, "percent_statements_covered_display": "0"}, "missing_lines": [58, 59], "excluded_lines": [], "start_line": 57}, "LLMAgent.analyze_ticket": {"executed_lines": [], "summary": {"covered_lines": 0, "num_statements": 10, "percent_covered": 0.0, "percent_covered_display": "0", "missing_lines": 10, "excluded_lines": 0, "percent_statements_covered": 0.0, "percent_statements_covered_display": "0"}, "missing_lines": [63, 65, 66, 67, 68, 70, 71, 72, 73, 75], "excluded_lines": [], "start_line": 61}, "LLMAgent._build_prompt": {"executed_lines": [], "summary": {"covered_lines": 0, "num_statements": 1, "percent_covered": 0.0, "percent_covered_display": "0", "missing_lines": 1, "excluded_lines": 0, "percent_statements_covered": 0.0, "percent_statements_covered_display": "0"}, "missing_lines": [82], "excluded_lines": [], "start_line": 79}, "LLMAgent._call_groq": {"executed_lines": [], "summary": {"covered_lines": 0, "num_statements": 9, "percent_covered": 0.0, "percent_covered_display": "0", "missing_lines": 9, "excluded_lines": 0, "percent_statements_covered": 0.0, "percent_statements_covered_display": "0"}, "missing_lines": [101, 102, 113, 114, 115, 117, 118, 119, 120], "excluded_lines": [], "start_line": 100}, "LLMAgent._call_gemini": {"executed_lines": [], "summary": {"covered_lines": 0, "num_statements": 6, "percent_covered": 0.0, "percent_covered_display": "0", "missing_lines": 6, "excluded_lines": 0, "percent_statements_covered": 0.0, "percent_statements_covered_display": "0"}, "missing_lines": [123, 124, 125, 126, 127, 128], "excluded_lines": [], "start_line": 122}, "LLMAgent._parse_json": {"executed_lines": [], "summary": {"covered_lines": 0, "num_statements": 25, "percent_covered": 0.0, "percent_covered_display": "0", "missing_lines": 25, "excluded_lines": 0, "percent_statements_covered": 0.0, "percent_statements_covered_display": "0"}, "missing_lines": [131, 133, 136, 137, 138, 139, 140, 141, 145, 157, 158, 161, 163, 166, 167, 168, 169, 170, 173, 174, 176, 178, 179, 180, 181], "excluded_lines": [], "start_line": 130}, "LLMAgent._local_fallback": {"executed_lines": [], "summary": {"covered_lines": 0, "num_statements": 58, "percent_covered": 0.0, "percent_covered_display": "0", "missing_lines": 58, "excluded_lines": 0, "percent_statements_covered": 0.0, "percent_statements_covered_display": "0"}, "missing_lines": [186, 187, 188, 189, 191, 192, 193, 194, 197, 199, 200, 201, 202, 205, 207, 208, 209, 210, 213, 215, 216, 217, 218, 221, 222, 224, 225, 226, 227, 230, 231, 233, 234, 235, 236, 239, 241, 242, 243, 244, 247, 251, 252, 253, 254, 257, 259, 260, 261, 262, 265, 268, 269, 270, 273, 275, 276, 278], "excluded_lines": [], "start_line": 185}, "": {"executed_lines": [7, 8, 9, 11, 14, 15, 28, 41, 57, 61, 79, 100, 122, 130, 185, 283, 286], "summary": {"covered_lines": 17, "num_statements": 21, "percent_covered": 80.95238095238095, "percent_covered_display": "81", "missing_lines": 4, "excluded_lines": 0, "percent_statements_covered": 80.95238095238095, "percent_statements_covered_display": "81"}, "missing_lines": [287, 288, 289, 290], "excluded_lines": [], "start_line": 1}}, "classes": {"LLMAgent": {"executed_lines": [29, 30, 31, 33, 34], "summary": {"covered_lines": 5, "num_statements": 132, "percent_covered": 3.787878787878788, "percent_covered_display": "4", "missing_lines": 127, "excluded_lines": 0, "percent_statements_covered": 3.787878787878788, "percent_statements_covered_display": "4"}, "missing_lines": [35, 36, 37, 39, 42, 43, 44, 45, 46, 47, 48, 49, 50, 51, 52, 53, 58, 59, 63, 65, 66, 67, 68, 70, 71, 72, 73, 75, 82, 101, 102, 113, 114, 115, 117, 118, 119, 120, 123, 124, 125, 126, 127, 128, 131, 133, 136, 137, 138, 139, 140, 141, 145, 157, 158, 161, 163, 166, 167, 168, 169, 170, 173, 174, 176, 178, 179, 180, 181, 186, 187, 188, 189, 191, 192, 193, 194, 197, 199, 200, 201, 202, 205, 207, 208, 209, 210, 213, 215, 216, 217, 218, 221, 222, 224, 225, 226, 227, 230, 231, 233, 234, 235, 236, 239, 241, 242, 243, 244, 247, 251, 252, 253, 254, 257, 259, 260, 261, 262, 265, 268, 269, 270, 273, 275, 276, 278], "excluded_lines": [], "start_line": 14}, "": {"executed_lines": [7, 8, 9, 11, 14, 15, 28, 41, 57, 61, 79, 100, 122, 130, 185, 283, 286], "summary": {"covered_lines": 17, "num_statements": 21, "percent_covered": 80.95238095238095, "percent_covered_display": "81", "missing_lines": 4, "excluded_lines": 0, "percent_statements_covered": 80.95238095238095, "percent_statements_covered_display": "81"}, "missing_lines": [287, 288, 289, 290], "excluded_lines": [], "start_line": 1}}}, "login_test.py": {"executed_lines": [], "summary": {"covered_lines": 0, "num_statements": 6, "percent_covered": 0.0, "percent_covered_display": "0", "missing_lines": 6, "excluded_lines": 0, "percent_statements_covered": 0.0, "percent_statements_covered_display": "0"}, "missing_lines": [1, 2, 3, 4, 5, 6], "excluded_lines": [], "functions": {"": {"executed_lines": [], "summary": {"covered_lines": 0, "num_statements": 6, "percent_covered": 0.0, "percent_covered_display": "0", "missing_lines": 6, "excluded_lines": 0, "percent_statements_covered": 0.0, "percent_statements_covered_display": "0"}, "missing_lines": [1, 2, 3, 4, 5, 6], "excluded_lines": [], "start_line": 1}}, "classes": {"": {"executed_lines": [], "summary": {"covered_lines": 0, "num_statements": 6, "percent_covered": 0.0, "percent_covered_display": "0", "missing_lines": 6, "excluded_lines": 0, "percent_statements_covered": 0.0, "percent_statements_covered_display": "0"}, "missing_lines": [1, 2, 3, 4, 5, 6], "excluded_lines": [], "start_line": 1}}}, "main.py": {"executed_lines": [], "summary": {"covered_lines": 0, "num_statements": 37, "percent_covered": 0.0, "percent_covered_display": "0", "missing_lines": 37, "excluded_lines": 0, "percent_statements_covered": 0.0, "percent_statements_covered_display": "0"}, "missing_lines": [1, 2, 3, 4, 5, 6, 7, 8, 9, 11, 14, 15, 16, 21, 22, 25, 28, 33, 34, 35, 38, 39, 40, 48, 51, 52, 60, 61, 68, 69, 70, 71, 74, 76, 78, 79, 80], "excluded_lines": [], "functions": {"process_ticket": {"executed_lines": [], "summary": {"covered_lines": 0, "num_statements": 9, "percent_covered": 0.0, "percent_covered_display": "0", "missing_lines": 9, "excluded_lines": 0, "percent_statements_covered": 0.0, "percent_statements_covered_display": "0"}, "missing_lines": [35, 38, 39, 40, 48, 51, 52, 60, 61], "excluded_lines": [], "start_line": 34}, "add_correction": {"executed_lines": [], "summary": {"covered_lines": 0, "num_statements": 2, "percent_covered": 0.0, "percent_covered_display": "0", "missing_lines": 2, "excluded_lines": 0, "percent_statements_covered": 0.0, "percent_statements_covered_display": "0"}, "missing_lines": [70, 71], "excluded_lines": [], "start_line": 69}, "": {"executed_lines": [], "summary": {"covered_lines": 0, "num_statements": 26, "percent_covered": 0.0, "percent_covered_display": "0", "missing_lines": 26, "excluded_lines": 0, "percent_statements_covered": 0.0, "percent_statements_covered_display": "0"}, "missing_lines": [1, 2, 3, 4, 5, 6, 7, 8, 9, 11, 14, 15, 16, 21, 22, 25, 28, 33, 34, 68, 69, 74, 76, 78, 79, 80], "excluded_lines": [], "start_line": 1}}, "classes": {"TicketRequest": {"executed_lines": [], "summary": {"covered_lines": 0, "num_statements": 0, "percent_covered": 100.0, "percent_covered_display": "100", "missing_lines": 0, "excluded_lines": 0, "percent_statements_covered": 100.0, "percent_statements_covered_display": "100"}, "missing_lines": [], "excluded_lines": [], "start_line": 25}, "CorrectionRequest": {"executed_lines": [], "summary": {"covered_lines": 0, "num_statements": 0, "percent_covered": 100.0, "percent_covered_display": "100", "missing_lines": 0, "excluded_lines": 0, "percent_statements_covered": 100.0, "percent_statements_covered_display": "100"}, "missing_lines": [], "excluded_lines": [], "start_line": 28}, "": {"executed_lines": [], "summary": {"covered_lines": 0, "num_statements": 37, "percent_covered": 0.0, "percent_covered_display": "0", "missing_lines": 37, "excluded_lines": 0, "percent_statements_covered": 0.0, "percent_statements_covered_display": "0"}, "missing_lines": [1, 2, 3, 4, 5, 6, 7, 8, 9, 11, 14, 15, 16, 21, 22, 25, 28, 33, 34, 35, 38, 39, 40, 48, 51, 52, 60, 61, 68, 69, 70, 71, 74, 76, 78, 79, 80], "excluded_lines": [], "start_line": 1}}}, "main_demo.py": {"executed_lines": [], "summary": {"covered_lines": 0, "num_statements": 101, "percent_covered": 0.0, "percent_covered_display": "0", "missing_lines": 101, "excluded_lines": 0, "percent_statements_covered": 0.0, "percent_statements_covered_display": "0"}, "missing_lines": [17, 18, 19, 20, 21, 22, 24, 26, 28, 36, 37, 39, 40, 41, 42, 43, 44, 45, 46, 50, 63, 70, 85, 88, 96, 98, 113, 114, 115, 116, 117, 128, 129, 130, 131, 132, 133, 136, 137, 138, 139, 140, 141, 142, 143, 144, 145, 146, 149, 152, 154, 155, 157, 167, 168, 170, 171, 173, 187, 188, 189, 190, 192, 193, 195, 196, 199, 200, 201, 202, 203, 204, 205, 206, 207, 208, 209, 210, 211, 213, 214, 217, 218, 221, 222, 224, 226, 244, 245, 246, 247, 251, 252, 253, 267, 268, 269, 312, 314, 315, 316], "excluded_lines": [], "functions": {"get_triage": {"executed_lines": [], "summary": {"covered_lines": 0, "num_statements": 8, "percent_covered": 0.0, "percent_covered_display": "0", "missing_lines": 8, "excluded_lines": 0, "percent_statements_covered": 0.0, "percent_statements_covered_display": "0"}, "missing_lines": [39, 40, 41, 42, 43, 44, 45, 46], "excluded_lines": [], "start_line": 37}, "_groq_analyze": {"executed_lines": [], "summary": {"covered_lines": 0, "num_statements": 24, "percent_covered": 0.0, "percent_covered_display": "0", "missing_lines": 24, "excluded_lines": 0, "percent_statements_covered": 0.0, "percent_statements_covered_display": "0"}, "missing_lines": [98, 113, 114, 115, 116, 117, 128, 129, 130, 131, 132, 133, 136, 137, 138, 139, 140, 141, 142, 143, 144, 145, 146, 149], "excluded_lines": [], "start_line": 96}, "_local_llm_fallback": {"executed_lines": [], "summary": {"covered_lines": 0, "num_statements": 8, "percent_covered": 0.0, "percent_covered_display": "0", "missing_lines": 8, "excluded_lines": 0, "percent_statements_covered": 0.0, "percent_statements_covered_display": "0"}, "missing_lines": [154, 155, 157, 167, 168, 170, 171, 173], "excluded_lines": [], "start_line": 152}, "triage_ticket": {"executed_lines": [], "summary": {"covered_lines": 0, "num_statements": 27, "percent_covered": 0.0, "percent_covered_display": "0", "missing_lines": 27, "excluded_lines": 0, "percent_statements_covered": 0.0, "percent_statements_covered_display": "0"}, "missing_lines": [189, 190, 192, 193, 195, 196, 199, 200, 201, 202, 203, 204, 205, 206, 207, 208, 209, 210, 211, 213, 214, 217, 218, 221, 222, 224, 226], "excluded_lines": [], "start_line": 188}, "llm_analyze": {"executed_lines": [], "summary": {"covered_lines": 0, "num_statements": 2, "percent_covered": 0.0, "percent_covered_display": "0", "missing_lines": 2, "excluded_lines": 0, "percent_statements_covered": 0.0, "percent_statements_covered_display": "0"}, "missing_lines": [246, 247], "excluded_lines": [], "start_line": 245}, "health": {"executed_lines": [], "summary": {"covered_lines": 0, "num_statements": 1, "percent_covered": 0.0, "percent_covered_display": "0", "missing_lines": 1, "excluded_lines": 0, "percent_statements_covered": 0.0, "percent_statements_covered_display": "0"}, "missing_lines": [253], "excluded_lines": [], "start_line": 252}, "metrics_summary": {"executed_lines": [], "summary": {"covered_lines": 0, "num_statements": 1, "percent_covered": 0.0, "percent_covered_display": "0", "missing_lines": 1, "excluded_lines": 0, "percent_statements_covered": 0.0, "percent_statements_covered_display": "0"}, "missing_lines": [269], "excluded_lines": [], "start_line": 268}, "": {"executed_lines": [], "summary": {"covered_lines": 0, "num_statements": 30, "percent_covered": 0.0, "percent_covered_display": "0", "missing_lines": 30, "excluded_lines": 0, "percent_statements_covered": 0.0, "percent_statements_covered_display": "0"}, "missing_lines": [17, 18, 19, 20, 21, 22, 24, 26, 28, 36, 37, 50, 63, 70, 85, 88, 96, 152, 187, 188, 244, 245, 251, 252, 267, 268, 312, 314, 315, 316], "excluded_lines": [], "start_line": 1}}, "classes": {"TriageRequest": {"executed_lines": [], "summary": {"covered_lines": 0, "num_statements": 0, "percent_covered": 100.0, "percent_covered_display": "100", "missing_lines": 0, "excluded_lines": 0, "percent_statements_covered": 100.0, "percent_statements_covered_display": "100"}, "missing_lines": [], "excluded_lines": [], "start_line": 85}, "LLMRequest": {"executed_lines": [], "summary": {"covered_lines": 0, "num_statements": 0, "percent_covered": 100.0, "percent_covered_display": "100", "missing_lines": 0, "excluded_lines": 0, "percent_statements_covered": 100.0, "percent_statements_covered_display": "100"}, "missing_lines": [], "excluded_lines": [], "start_line": 88}, "": {"executed_lines": [], "summary": {"covered_lines": 0, "num_statements": 101, "percent_covered": 0.0, "percent_covered_display": "0", "missing_lines": 101, "excluded_lines": 0, "percent_statements_covered": 0.0, "percent_statements_covered_display": "0"}, "missing_lines": [17, 18, 19, 20, 21, 22, 24, 26, 28, 36, 37, 39, 40, 41, 42, 43, 44, 45, 46, 50, 63, 70, 85, 88, 96, 98, 113, 114, 115, 116, 117, 128, 129, 130, 131, 132, 133, 136, 137, 138, 139, 140, 141, 142, 143, 144, 145, 146, 149, 152, 154, 155, 157, 167, 168, 170, 171, 173, 187, 188, 189, 190, 192, 193, 195, 196, 199, 200, 201, 202, 203, 204, 205, 206, 207, 208, 209, 210, 211, 213, 214, 217, 218, 221, 222, 224, 226, 244, 245, 246, 247, 251, 252, 253, 267, 268, 269, 312, 314, 315, 316], "excluded_lines": [], "start_line": 1}}}, "main_enhanced.py": {"executed_lines": [1, 2, 3, 4, 5, 6, 7, 8, 9, 10, 11, 12, 13, 14, 15, 16, 17, 18, 19, 20, 21, 22, 23, 24, 25, 26, 27, 28, 31, 32, 46, 47, 59, 60, 62, 63, 85, 88, 89, 92, 93, 94, 95, 96, 97, 101, 103, 104, 105, 107, 110, 112, 116, 118, 120, 122, 124, 126, 128, 129, 131, 133, 135, 136, 137, 138, 141, 144, 146, 150, 157, 158, 159, 160, 163, 167, 168, 169, 171, 174, 175, 176, 177, 178, 181, 182, 393, 449, 450, 476, 477, 534, 535, 569, 570, 590, 591, 619, 620, 650, 651, 666, 667, 703, 704, 723, 724, 752, 753, 778, 779, 804, 805, 825, 826, 844, 845, 870, 871, 894, 895, 908, 909, 933, 934, 956, 957, 982, 983, 1074, 1075, 1191, 1192, 1217, 1218, 1234, 1235, 1274, 1275, 1286, 1287, 1302, 1303, 1328, 1329, 1369, 1370, 1407, 1408, 1413, 1414, 1468, 1469, 1483, 1484, 1493, 1494, 1504, 1505, 1509, 1510, 1513, 1514, 1539, 1540, 1549, 1550, 1559, 1560, 1565, 1566, 1572, 1573, 1602, 1603, 1624, 1625, 1630, 1631, 1648, 1649, 1692, 1693, 1711, 1712, 1731, 1733, 1734, 1735, 1736, 1738, 1750, 1751, 1877, 1878, 1895, 1896, 1947, 1948, 1989, 1990, 1993, 1994, 1997, 1998, 2001, 2002, 2008, 2009, 2016, 2018], "summary": {"covered_lines": 211, "num_statements": 908, "percent_covered": 23.237885462555067, "percent_covered_display": "23", "missing_lines": 697, "excluded_lines": 0, "percent_statements_covered": 23.237885462555067, "percent_statements_covered_display": "23"}, "missing_lines": [34, 35, 36, 37, 38, 39, 41, 42, 43, 44, 64, 65, 66, 67, 69, 70, 71, 72, 73, 74, 75, 76, 78, 79, 80, 81, 183, 184, 186, 187, 190, 198, 200, 201, 204, 205, 206, 207, 209, 221, 222, 224, 227, 229, 244, 255, 256, 259, 260, 261, 264, 267, 268, 271, 272, 273, 274, 276, 280, 281, 282, 283, 286, 289, 291, 309, 320, 321, 324, 326, 327, 330, 337, 340, 343, 345, 363, 374, 375, 378, 380, 381, 383, 384, 385, 386, 387, 395, 396, 397, 398, 399, 402, 413, 415, 434, 436, 437, 439, 440, 441, 442, 444, 447, 448, 452, 453, 454, 457, 460, 468, 479, 480, 481, 483, 484, 487, 488, 489, 490, 491, 492, 494, 496, 497, 500, 501, 502, 503, 506, 509, 510, 511, 514, 516, 517, 518, 519, 520, 521, 524, 526, 537, 538, 539, 542, 550, 551, 556, 557, 558, 559, 560, 561, 563, 572, 580, 581, 588, 593, 598, 599, 601, 611, 622, 624, 625, 626, 628, 629, 630, 631, 632, 634, 635, 637, 638, 640, 653, 654, 656, 657, 658, 659, 660, 661, 662, 663, 664, 669, 670, 672, 673, 675, 676, 679, 680, 681, 682, 684, 694, 708, 709, 710, 712, 713, 714, 715, 717, 721, 726, 727, 729, 730, 733, 735, 736, 739, 741, 749, 750, 755, 756, 758, 759, 761, 762, 764, 775, 776, 781, 783, 784, 786, 787, 789, 790, 793, 795, 807, 809, 810, 812, 813, 815, 816, 818, 820, 828, 830, 831, 832, 838, 847, 848, 850, 852, 853, 854, 855, 864, 873, 874, 876, 878, 879, 880, 881, 889, 897, 898, 900, 902, 911, 912, 913, 914, 916, 917, 920, 922, 923, 931, 936, 939, 940, 943, 944, 945, 947, 948, 954, 959, 961, 963, 965, 967, 968, 969, 970, 972, 974, 980, 985, 987, 990, 991, 992, 993, 994, 995, 996, 999, 1000,
[...]
, "missing_lines": [155, 163], "excluded_lines": [], "start_line": 153}, "TestWorkflowStatus.test_get_workflow_status": {"executed_lines": [], "summary": {"covered_lines": 0, "num_statements": 2, "percent_covered": 0.0, "percent_covered_display": "0", "missing_lines": 2, "excluded_lines": 0, "percent_statements_covered": 0.0, "percent_statements_covered_display": "0"}, "missing_lines": [171, 172], "excluded_lines": [], "start_line": 169}, "TestWorkflowStatus.test_get_active_workflows_count": {"executed_lines": [], "summary": {"covered_lines": 0, "num_statements": 2, "percent_covered": 0.0, "percent_covered_display": "0", "missing_lines": 2, "excluded_lines": 0, "percent_statements_covered": 0.0, "percent_statements_covered_display": "0"}, "missing_lines": [176, 177], "excluded_lines": [], "start_line": 174}, "TestWorkflowStatus.test_workflow_metrics": {"executed_lines": [], "summary": {"covered_lines": 0, "num_statements": 2, "percent_covered": 0.0, "percent_covered_display": "0", "missing_lines": 2, "excluded_lines": 0, "percent_statements_covered": 0.0, "percent_statements_covered_display": "0"}, "missing_lines": [181, 183], "excluded_lines": [], "start_line": 179}, "TestCustomWorkflows.test_create_custom_workflow": {"executed_lines": [], "summary": {"covered_lines": 0, "num_statements": 3, "percent_covered": 0.0, "percent_covered_display": "0", "missing_lines": 3, "excluded_lines": 0, "percent_statements_covered": 0.0, "percent_statements_covered_display": "0"}, "missing_lines": [191, 198, 199], "excluded_lines": [], "start_line": 189}, "TestCustomWorkflows.test_execute_custom_workflow": {"executed_lines": [], "summary": {"covered_lines": 0, "num_statements": 2, "percent_covered": 0.0, "percent_covered_display": "0", "missing_lines": 2, "excluded_lines": 0, "percent_statements_covered": 0.0, "percent_statements_covered_display": "0"}, "missing_lines": [203, 207], "excluded_lines": [], "start_line": 201}, "TestWorkflowEdgeCases.test_workflow_with_empty_params": {"executed_lines": [], "summary": {"covered_lines": 0, "num_statements": 2, "percent_covered": 0.0, "percent_covered_display": "0", "missing_lines": 2, "excluded_lines": 0, "percent_statements_covered": 0.0, "percent_statements_covered_display": "0"}, "missing_lines": [215, 220], "excluded_lines": [], "start_line": 213}, "TestWorkflowEdgeCases.test_workflow_with_none_params": {"executed_lines": [], "summary": {"covered_lines": 0, "num_statements": 2, "percent_covered": 0.0, "percent_covered_display": "0", "missing_lines": 2, "excluded_lines": 0, "percent_statements_covered": 0.0, "percent_statements_covered_display": "0"}, "missing_lines": [224, 229], "excluded_lines": [], "start_line": 222}, "TestWorkflowEdgeCases.test_unknown_category_workflow": {"executed_lines": [], "summary": {"covered_lines": 0, "num_statements": 2, "percent_covered": 0.0, "percent_covered_display": "0", "missing_lines": 2, "excluded_lines": 0, "percent_statements_covered": 0.0, "percent_statements_covered_display": "0"}, "missing_lines": [233, 238], "excluded_lines": [], "start_line": 231}, "TestActionExecutionDetails.test_action_creates_support_ticket": {"executed_lines": [], "summary": {"covered_lines": 0, "num_statements": 2, "percent_covered": 0.0, "percent_covered_display": "0", "missing_lines": 2, "excluded_lines": 0, "percent_statements_covered": 0.0, "percent_statements_covered_display": "0"}, "missing_lines": [246, 250], "excluded_lines": [], "start_line": 244}, "TestActionExecutionDetails.test_action_sends_password_reset": {"executed_lines": [], "summary": {"covered_lines": 0, "num_statements": 2, "percent_covered": 0.0, "percent_covered_display": "0", "missing_lines": 2, "excluded_lines": 0, "percent_statements_covered": 0.0, "percent_statements_covered_display": "0"}, "missing_lines": [254, 258], "excluded_lines": [], "start_line": 252}, "TestActionExecutionDetails.test_action_creates_crm_ticket": {"executed_lines": [], "summary": {"covered_lines": 0, "num_statements": 2, "percent_covered": 0.0, "percent_covered_display": "0", "missing_lines": 2, "excluded_lines": 0, "percent_statements_covered": 0.0, "percent_statements_covered_display": "0"}, "missing_lines": [262, 266], "excluded_lines": [], "start_line": 260}, "TestActionExecutionDetails.test_action_assigns_to_agent": {"executed_lines": [], "summary": {"covered_lines": 0, "num_statements": 2, "percent_covered": 0.0, "percent_covered_display": "0", "missing_lines": 2, "excluded_lines": 0, "percent_statements_covered": 0.0, "percent_statements_covered_display": "0"}, "missing_lines": [270, 274], "excluded_lines": [], "start_line": 268}, "TestWorkflowIntegration.test_full_ticket_workflow_cycle": {"executed_lines": [], "summary": {"covered_lines": 0, "num_statements": 2, "percent_covered": 0.0, "percent_covered_display": "0", "missing_lines": 2, "excluded_lines": 0, "percent_statements_covered": 0.0, "percent_statements_covered_display": "0"}, "missing_lines": [283, 292], "excluded_lines": [], "start_line": 280}, "TestWorkflowIntegration.test_multiple_sequential_workflows": {"executed_lines": [], "summary": {"covered_lines": 0, "num_statements": 3, "percent_covered": 0.0, "percent_covered_display": "0", "missing_lines": 3, "excluded_lines": 0, "percent_statements_covered": 0.0, "percent_statements_covered_display": "0"}, "missing_lines": [296, 297, 301], "excluded_lines": [], "start_line": 294}, "": {"executed_lines": [4, 5], "summary": {"covered_lines": 2, "num_statements": 44, "percent_covered": 4.545454545454546, "percent_covered_display": "5", "missing_lines": 42, "excluded_lines": 0, "percent_statements_covered": 4.545454545454546, "percent_statements_covered_display": "5"}, "missing_lines": [12, 13, 18, 21, 25, 30, 36, 39, 44, 50, 56, 59, 71, 83, 94, 106, 109, 117, 125, 133, 142, 145, 153, 166, 169, 174, 179, 186, 189, 201, 210, 213, 222, 231, 241, 244, 252, 260, 268, 277, 280, 294], "excluded_lines": [], "start_line": 1}}, "classes": {"TestWorkflowEngineInitialization": {"executed_lines": [], "summary": {"covered_lines": 0, "num_statements": 5, "percent_covered": 0.0, "percent_covered_display": "0", "missing_lines": 5, "excluded_lines": 0, "percent_statements_covered": 0.0, "percent_statements_covered_display": "0"}, "missing_lines": [23, 27, 28, 32, 33], "excluded_lines": [], "start_line": 18}, "TestActionDescriptions": {"executed_lines": [], "summary": {"covered_lines": 0, "num_statements": 6, "percent_covered": 0.0, "percent_covered_display": "0", "missing_lines": 6, "excluded_lines": 0, "percent_statements_covered": 0.0, "percent_statements_covered_display": "0"}, "missing_lines": [41, 42, 46, 48, 52, 53], "excluded_lines": [], "start_line": 36}, "TestExecuteWorkflowActions": {"executed_lines": [], "summary": {"covered_lines": 0, "num_statements": 8, "percent_covered": 0.0, "percent_covered_display": "0", "missing_lines": 8, "excluded_lines": 0, "percent_statements_covered": 0.0, "percent_statements_covered_display": "0"}, "missing_lines": [61, 69, 73, 81, 85, 92, 96, 103], "excluded_lines": [], "start_line": 56}, "TestWorkflowCategoryActions": {"executed_lines": [], "summary": {"covered_lines": 0, "num_statements": 8, "percent_covered": 0.0, "percent_covered_display": "0", "missing_lines": 8, "excluded_lines": 0, "percent_statements_covered": 0.0, "percent_statements_covered_display": "0"}, "missing_lines": [111, 115, 119, 123, 127, 131, 135, 139], "excluded_lines": [], "start_line": 106}, "TestEscalationWorkflow": {"executed_lines": [], "summary": {"covered_lines": 0, "num_statements": 4, "percent_covered": 0.0, "percent_covered_display": "0", "missing_lines": 4, "excluded_lines": 0, "percent_statements_covered": 0.0, "percent_statements_covered_display": "0"}, "missing_lines": [147, 151, 155, 163], "excluded_lines": [], "start_line": 142}, "TestWorkflowStatus": {"executed_lines": [], "summary": {"covered_lines": 0, "num_statements": 6, "percent_covered": 0.0, "percent_covered_display": "0", "missing_lines": 6, "excluded_lines": 0, "percent_statements_covered": 0.0, "percent_statements_covered_display": "0"}, "missing_lines": [171, 172, 176, 177, 181, 183], "excluded_lines": [], "start_line": 166}, "TestCustomWorkflows": {"executed_lines": [], "summary": {"covered_lines": 0, "num_statements": 5, "percent_covered": 0.0, "percent_covered_display": "0", "missing_lines": 5, "excluded_lines": 0, "percent_statements_covered": 0.0, "percent_statements_covered_display": "0"}, "missing_lines": [191, 198, 199, 203, 207], "excluded_lines": [], "start_line": 186}, "TestWorkflowEdgeCases": {"executed_lines": [], "summary": {"covered_lines": 0, "num_statements": 6, "percent_covered": 0.0, "percent_covered_display": "0", "missing_lines": 6, "excluded_lines": 0, "percent_statements_covered": 0.0, "percent_statements_covered_display": "0"}, "missing_lines": [215, 220, 224, 229, 233, 238], "excluded_lines": [], "start_line": 210}, "TestActionExecutionDetails": {"executed_lines": [], "summary": {"covered_lines": 0, "num_statements": 8, "percent_covered": 0.0, "percent_covered_display": "0", "missing_lines": 8, "excluded_lines": 0, "percent_statements_covered": 0.0, "percent_statements_covered_display": "0"}, "missing_lines": [246, 250, 254, 258, 262, 266, 270, 274], "excluded_lines": [], "start_line": 241}, "TestWorkflowIntegration": {"executed_lines": [], "summary": {"covered_lines": 0, "num_statements": 5, "percent_covered": 0.0, "percent_covered_display": "0", "missing_lines": 5, "excluded_lines": 0, "percent_statements_covered": 0.0, "percent_statements_covered_display": "0"}, "missing_lines": [283, 292, 296, 297, 301], "excluded_lines": [], "start_line": 277}, "": {"executed_lines": [4, 5], "summary": {"covered_lines": 2, "num_statements": 45, "percent_covered": 4.444444444444445, "percent_covered_display": "4", "missing_lines": 43, "excluded_lines": 0, "percent_statements_covered": 4.444444444444445, "percent_statements_covered_display": "4"}, "missing_lines": [12, 13, 15, 18, 21, 25, 30, 36, 39, 44, 50, 56, 59, 71, 83, 94, 106, 109, 117, 125, 133, 142, 145, 153, 166, 169, 174, 179, 186, 189, 201, 210, 213, 222, 231, 241, 244, 252, 260, 268, 277, 280, 294], "excluded_lines": [], "start_line": 1}}}, "tmp_simulate_correction.py": {"executed_lines": [], "summary": {"covered_lines": 0, "num_statements": 5, "percent_covered": 0.0, "percent_covered_display": "0", "missing_lines": 5, "excluded_lines": 0, "percent_statements_covered": 0.0, "percent_statements_covered_display": "0"}, "missing_lines": [1, 2, 3, 5, 6], "excluded_lines": [], "functions": {"": {"executed_lines": [], "summary": {"covered_lines": 0, "num_statements": 5, "percent_covered": 0.0, "percent_covered_display": "0", "missing_lines": 5, "excluded_lines": 0, "percent_statements_covered": 0.0, "percent_statements_covered_display": "0"}, "missing_lines": [1, 2, 3, 5, 6], "excluded_lines": [], "start_line": 1}}, "classes": {"": {"executed_lines": [], "summary": {"covered_lines": 0, "num_statements": 5, "percent_covered": 0.0, "percent_covered_display": "0", "missing_lines": 5, "excluded_lines": 0, "percent_statements_covered": 0.0, "percent_statements_covered_display": "0"}, "missing_lines": [1, 2, 3, 5, 6], "excluded_lines": [], "start_line": 1}}}, "workflow\\automation.py": {"executed_lines": [1, 2, 3, 4, 5, 7, 8, 9, 10, 11, 13, 15, 48, 52, 76, 92, 115, 139, 148, 157, 166, 182, 203, 216, 244, 272, 278], "summary": {"covered_lines": 27, "num_statements": 106, "percent_covered": 25.471698113207548, "percent_covered_display": "25", "missing_lines": 79, "excluded_lines": 0, "percent_statements_covered": 25.471698113207548, "percent_statements_covered_display": "25"}, "missing_lines": [49, 50, 54, 55, 56, 58, 59, 62, 63, 64, 71, 72, 73, 74, 78, 90, 94, 97, 113, 118, 119, 121, 129, 135, 137, 142, 151, 160, 168, 170, 171, 177, 184, 187, 189, 190, 191, 192, 198, 206, 213, 214, 218, 225, 226, 227, 228, 229, 231, 233, 236, 237, 239, 240, 241, 242, 246, 247, 248, 249, 250, 253, 254, 255, 258, 260, 267, 268, 270, 276, 280, 281, 282, 284, 286, 287, 289, 290, 291], "excluded_lines": [], "functions": {"WorkflowEngine.__init__": {"executed_lines": [9, 10, 11], "summary": {"covered_lines": 3, "num_statements": 3, "percent_covered": 100.0, "percent_covered_display": "100", "missing_lines": 0, "excluded_lines": 0, "percent_statements_covered": 100.0, "percent_statements_covered_display": "100"}, "missing_lines": [], "excluded_lines": [], "start_line": 8}, "WorkflowEngine._init_workflows": {"executed_lines": [15, 48], "summary": {"covered_lines": 2, "num_statements": 4, "percent_covered": 50.0, "percent_covered_display": "50", "missing_lines": 2, "excluded_lines": 0, "percent_statements_covered": 50.0, "percent_statements_covered_display": "50"}, "missing_lines": [49, 50], "excluded_lines": [], "start_line": 13}, "WorkflowEngine.get_actions_for_category": {"executed_lines": [], "summary": {"covered_lines": 0, "num_statements": 12, "percent_covered": 0.0, "percent_covered_display": "0", "missing_lines": 12, "excluded_lines": 0, "percent_statements_covered": 0.0, "percent_statements_covered_display": "0"}, "missing_lines": [54, 55, 56, 58, 59, 62, 63, 64, 71, 72, 73, 74], "excluded_lines": [], "start_line": 52}, "WorkflowEngine._get_action_description": {"executed_lines": [], "summary": {"covered_lines": 0, "num_statements": 2, "percent_covered": 0.0, "percent_covered_display": "0", "missing_lines": 2, "excluded_lines": 0, "percent_statements_covered": 0.0, "percent_statements_covered_display": "0"}, "missing_lines": [78, 90], "excluded_lines": [], "start_line": 76}, "WorkflowEngine.escalate_to_human": {"executed_lines": [], "summary": {"covered_lines": 0, "num_statements": 3, "percent_covered": 0.0, "percent_covered_display": "0", "missing_lines": 3, "excluded_lines": 0, "percent_statements_covered": 0.0, "percent_statements_covered_display": "0"}, "missing_lines": [94, 97, 113], "excluded_lines": [], "start_line": 92}, "WorkflowEngine.execute_workflow_action": {"executed_lines": [], "summary": {"covered_lines": 0, "num_statements": 6, "percent_covered": 0.0, "percent_covered_display": "0", "missing_lines": 6, "excluded_lines": 0, "percent_statements_covered": 0.0, "percent_statements_covered_display": "0"}, "missing_lines": [118, 119, 121, 129, 135, 137], "excluded_lines": [], "start_line": 115}, "WorkflowEngine._execute_send_payment_link": {"executed_lines": [], "summary": {"covered_lines": 0, "num_statements": 1, "percent_covered": 0.0, "percent_covered_display": "0", "missing_lines": 1, "excluded_lines": 0, "percent_statements_covered": 0.0, "percent_statements_covered_display": "0"}, "missing_lines": [142], "excluded_lines": [], "start_line": 139}, "WorkflowEngine._execute_create_support_ticket": {"executed_lines": [], "summary": {"covered_lines": 0, "num_statements": 1, "percent_covered": 0.0, "percent_covered_display": "0", "missing_lines": 1, "excluded_lines": 0, "percent_statements_covered": 0.0, "percent_statements_covered_display": "0"}, "missing_lines": [151], "excluded_lines": [], "start_line": 148}, "WorkflowEngine._execute_send_password_reset": {"executed_lines": [], "summary": {"covered_lines": 0, "num_statements": 1, "percent_covered": 0.0, "percent_covered_display": "0", "missing_lines": 1, "excluded_lines": 0, "percent_statements_covered": 0.0, "percent_statements_covered_display": "0"}, "missing_lines": [160], "excluded_lines": [], "start_line": 157}, "WorkflowEngine._execute_create_crm_ticket": {"executed_lines": [], "summary": {"covered_lines": 0, "num_statements": 4, "percent_covered": 0.0, "percent_covered_display": "0", "missing_lines": 4, "excluded_lines": 0, "percent_statements_covered": 0.0, "percent_statements_covered_display": "0"}, "missing_lines": [168, 170, 171, 177], "excluded_lines": [], "start_line": 166}, "WorkflowEngine._execute_assign_to_agent": {"executed_lines": [], "summary": {"covered_lines": 0, "num_statements": 7, "percent_covered": 0.0, "percent_covered_display": "0", "missing_lines": 7, "excluded_lines": 0, "percent_statements_covered": 0.0, "percent_statements_covered_display": "0"}, "missing_lines": [184, 187, 189, 190, 191, 192, 198], "excluded_lines": [], "start_line": 182}, "WorkflowEngine._get_available_agent": {"executed_lines": [], "summary": {"covered_lines": 0, "num_statements": 3, "percent_covered": 0.0, "percent_covered_display": "0", "missing_lines": 3, "excluded_lines": 0, "percent_statements_covered": 0.0, "percent_statements_covered_display": "0"}, "missing_lines": [206, 213, 214], "excluded_lines": [], "start_line": 203}, "WorkflowEngine._log_action_execution": {"executed_lines": [], "summary": {"covered_lines": 0, "num_statements": 14, "percent_covered": 0.0, "percent_covered_display": "0", "missing_lines": 14, "excluded_lines": 0, "percent_statements_covered": 0.0, "percent_statements_covered_display": "0"}, "missing_lines": [218, 225, 226, 227, 228, 229, 231, 233, 236, 237, 239, 240, 241, 242], "excluded_lines": [], "start_line": 216}, "WorkflowEngine.get_status": {"executed_lines": [], "summary": {"covered_lines": 0, "num_statements": 13, "percent_covered": 0.0, "percent_covered_display": "0", "missing_lines": 13, "excluded_lines": 0, "percent_statements_covered": 0.0, "percent_statements_covered_display": "0"}, "missing_lines": [246, 247, 248, 249, 250, 253, 254, 255, 258, 260, 267, 268, 270], "excluded_lines": [], "start_line": 244}, "WorkflowEngine._get_active_workflows": {"executed_lines": [], "summary": {"covered_lines": 0, "num_statements": 1, "percent_covered": 0.0, "percent_covered_display": "0", "missing_lines": 1, "excluded_lines": 0, "percent_statements_covered": 0.0, "percent_statements_covered_display": "0"}, "missing_lines": [276], "excluded_lines": [], "start_line": 272}, "WorkflowEngine.create_custom_workflow": {"executed_lines": [], "summary": {"covered_lines": 0, "num_statements": 9, "percent_covered": 0.0, "percent_covered_display": "0", "missing_lines": 9, "excluded_lines": 0, "percent_statements_covered": 0.0, "percent_statements_covered_display": "0"}, "missing_lines": [280, 281, 282, 284, 286, 287, 289, 290, 291], "excluded_lines": [], "start_line": 278}, "": {"executed_lines": [1, 2, 3, 4, 5, 7, 8, 13, 52, 76, 92, 115, 139, 148, 157, 166, 182, 203, 216, 244, 272, 278], "summary": {"covered_lines": 22, "num_statements": 22, "percent_covered": 100.0, "percent_covered_display": "100", "missing_lines": 0, "excluded_lines": 0, "percent_statements_covered": 100.0, "percent_statements_covered_display": "100"}, "missing_lines": [], "excluded_lines": [], "start_line": 1}}, "classes": {"WorkflowEngine": {"executed_lines": [9, 10, 11, 15, 48], "summary": {"covered_lines": 5, "num_statements": 84, "percent_covered": 5.9523809523809526, "percent_covered_display": "6", "missing_lines": 79, "excluded_lines": 0, "percent_statements_covered": 5.9523809523809526, "percent_statements_covered_display": "6"}, "missing_lines": [49, 50, 54, 55, 56, 58, 59, 62, 63, 64, 71, 72, 73, 74, 78, 90, 94, 97, 113, 118, 119, 121, 129, 135, 137, 142, 151, 160, 168, 170, 171, 177, 184, 187, 189, 190, 191, 192, 198, 206, 213, 214, 218, 225, 226, 227, 228, 229, 231, 233, 236, 237, 239, 240, 241, 242, 246, 247, 248, 249, 250, 253, 254, 255, 258, 260, 267, 268, 270, 276, 280, 281, 282, 284, 286, 287, 289, 290, 291], "excluded_lines": [], "start_line": 7}, "": {"executed_lines": [1, 2, 3, 4, 5, 7, 8, 13, 52, 76, 92, 115, 139, 148, 157, 166, 182, 203, 216, 244, 272, 278], "summary": {"covered_lines": 22, "num_statements": 22, "percent_covered": 100.0, "percent_covered_display": "100", "missing_lines": 0, "excluded_lines": 0, "percent_statements_covered": 100.0, "percent_statements_covered_display": "100"}, "missing_lines": [], "excluded_lines": [], "start_line": 1}}}}, "totals": {"covered_lines": 1091, "num_statements": 5900, "percent_covered": 18.491525423728813, "percent_covered_display": "18", "missing_lines": 4809, "excluded_lines": 0, "percent_statements_covered": 18.491525423728813, "percent_statements_covered_display": "18"}}